TN:
SF:src\API_ENDPOINTS_REFERENCE.ts
FNF:0
FNH:0
DA:78,0
LF:1
LH:0
BRF:0
BRH:0
end_of_record
TN:
SF:src\auth\auth.service.ts
FN:45,(anonymous_4)
FN:53,(anonymous_5)
FN:57,(anonymous_6)
FN:116,(anonymous_7)
FN:133,(anonymous_8)
FN:136,(anonymous_9)
FN:196,(anonymous_10)
FN:242,(anonymous_11)
FN:281,(anonymous_12)
FN:331,(anonymous_13)
FN:380,(anonymous_14)
FN:415,(anonymous_15)
FN:438,(anonymous_16)
FN:465,(anonymous_17)
FN:478,(anonymous_18)
FN:486,(anonymous_19)
FNF:16
FNH:0
FNDA:0,(anonymous_4)
FNDA:0,(anonymous_5)
FNDA:0,(anonymous_6)
FNDA:0,(anonymous_7)
FNDA:0,(anonymous_8)
FNDA:0,(anonymous_9)
FNDA:0,(anonymous_10)
FNDA:0,(anonymous_11)
FNDA:0,(anonymous_12)
FNDA:0,(anonymous_13)
FNDA:0,(anonymous_14)
FNDA:0,(anonymous_15)
FNDA:0,(anonymous_16)
FNDA:0,(anonymous_17)
FNDA:0,(anonymous_18)
FNDA:0,(anonymous_19)
DA:1,0
DA:8,0
DA:9,0
DA:10,0
DA:11,0
DA:12,0
DA:13,0
DA:19,0
DA:20,0
DA:21,0
DA:22,0
DA:23,0
DA:24,0
DA:25,0
DA:27,0
DA:28,0
DA:29,0
DA:30,0
DA:32,0
DA:42,0
DA:43,0
DA:46,0
DA:47,0
DA:48,0
DA:49,0
DA:50,0
DA:54,0
DA:55,0
DA:57,0
DA:58,0
DA:59,0
DA:60,0
DA:63,0
DA:64,0
DA:66,0
DA:74,0
DA:76,0
DA:82,0
DA:84,0
DA:85,0
DA:96,0
DA:98,0
DA:104,0
DA:106,0
DA:115,0
DA:116,0
DA:117,0
DA:120,0
DA:134,0
DA:136,0
DA:137,0
DA:139,0
DA:140,0
DA:143,0
DA:144,0
DA:145,0
DA:146,0
DA:149,0
DA:150,0
DA:161,0
DA:163,0
DA:164,0
DA:166,0
DA:172,0
DA:174,0
DA:183,0
DA:197,0
DA:199,0
DA:204,0
DA:205,0
DA:208,0
DA:209,0
DA:212,0
DA:213,0
DA:215,0
DA:216,0
DA:218,0
DA:222,0
DA:223,0
DA:224,0
DA:225,0
DA:226,0
DA:227,0
DA:236,0
DA:237,0
DA:243,0
DA:246,0
DA:247,0
DA:249,0
DA:255,0
DA:257,0
DA:265,0
DA:282,0
DA:287,0
DA:288,0
DA:291,0
DA:298,0
DA:301,0
DA:306,0
DA:315,0
DA:332,0
DA:333,0
DA:335,0
DA:336,0
DA:337,0
DA:340,0
DA:341,0
DA:342,0
DA:345,0
DA:346,0
DA:347,0
DA:349,0
DA:350,0
DA:351,0
DA:353,0
DA:354,0
DA:355,0
DA:367,0
DA:370,0
DA:377,0
DA:381,0
DA:382,0
DA:384,0
DA:385,0
DA:388,0
DA:389,0
DA:390,0
DA:391,0
DA:392,0
DA:395,0
DA:397,0
DA:398,0
DA:399,0
DA:400,0
DA:401,0
DA:403,0
DA:410,0
DA:412,0
DA:416,0
DA:417,0
DA:418,0
DA:420,0
DA:421,0
DA:422,0
DA:424,0
DA:425,0
DA:426,0
DA:428,0
DA:435,0
DA:439,0
DA:440,0
DA:441,0
DA:443,0
DA:444,0
DA:447,0
DA:448,0
DA:449,0
DA:452,0
DA:453,0
DA:455,0
DA:462,0
DA:466,0
DA:467,0
DA:473,0
DA:474,0
DA:475,0
DA:479,0
DA:480,0
DA:481,0
DA:483,0
DA:487,0
DA:488,0
DA:489,0
DA:491,0
DA:492,0
DA:494,0
DA:495,0
DA:500,0
LF:178
LH:0
BRDA:59,0,0,0
BRDA:71,1,0,0
BRDA:71,1,1,0
BRDA:139,2,0,0
BRDA:139,3,0,0
BRDA:139,3,1,0
BRDA:143,4,0,0
BRDA:204,5,0,0
BRDA:204,6,0,0
BRDA:204,6,1,0
BRDA:208,7,0,0
BRDA:215,8,0,0
BRDA:215,8,1,0
BRDA:222,9,0,0
BRDA:236,10,0,0
BRDA:252,11,0,0
BRDA:252,11,1,0
BRDA:287,12,0,0
BRDA:287,13,0,0
BRDA:287,13,1,0
BRDA:294,14,0,0
BRDA:294,14,1,0
BRDA:299,15,0,0
BRDA:299,15,1,0
BRDA:302,16,0,0
BRDA:302,16,1,0
BRDA:302,16,2,0
BRDA:335,17,0,0
BRDA:335,18,0,0
BRDA:335,18,1,0
BRDA:340,19,0,0
BRDA:353,20,0,0
BRDA:353,20,1,0
BRDA:384,21,0,0
BRDA:384,22,0,0
BRDA:384,22,1,0
BRDA:388,23,0,0
BRDA:417,24,0,0
BRDA:418,25,0,0
BRDA:424,26,0,0
BRDA:424,26,1,0
BRDA:440,27,0,0
BRDA:440,28,0,0
BRDA:440,28,1,0
BRDA:443,29,0,0
BRDA:448,30,0,0
BRDA:466,31,0,0
BRDA:466,31,1,0
BRDA:481,32,0,0
BRF:49
BRH:0
end_of_record
TN:
SF:src\auth\jwt.strategy.ts
FN:7,(anonymous_2)
FN:15,(anonymous_3)
FNF:2
FNH:0
FNDA:0,(anonymous_2)
FNDA:0,(anonymous_3)
DA:1,0
DA:2,0
DA:3,0
DA:6,0
DA:8,0
DA:16,0
LF:6
LH:0
BRDA:11,0,0,0
BRDA:11,0,1,0
BRF:2
BRH:0
end_of_record
TN:
SF:src\auth\login-guard.service.ts
FN:16,(anonymous_4)
FN:26,(anonymous_5)
FN:30,(anonymous_6)
FN:34,(anonymous_7)
FN:40,(anonymous_8)
FN:55,(anonymous_9)
FN:62,(anonymous_10)
FN:90,(anonymous_11)
FN:98,(anonymous_12)
FNF:9
FNH:0
FNDA:0,(anonymous_4)
FNDA:0,(anonymous_5)
FNDA:0,(anonymous_6)
FNDA:0,(anonymous_7)
FNDA:0,(anonymous_8)
FNDA:0,(anonymous_9)
FNDA:0,(anonymous_10)
FNDA:0,(anonymous_11)
FNDA:0,(anonymous_12)
DA:1,0
DA:2,0
DA:3,0
DA:4,0
DA:5,0
DA:7,0
DA:8,0
DA:9,0
DA:12,0
DA:13,0
DA:18,0
DA:19,0
DA:21,0
DA:27,0
DA:31,0
DA:35,0
DA:36,0
DA:37,0
DA:41,0
DA:43,0
DA:44,0
DA:45,0
DA:47,0
DA:48,0
DA:49,0
DA:50,0
DA:52,0
DA:56,0
DA:57,0
DA:72,0
DA:73,0
DA:86,0
DA:91,0
DA:99,0
DA:100,0
LF:35
LH:0
BRDA:35,0,0,0
BRDA:41,1,0,0
BRDA:45,2,0,0
BRDA:47,3,0,0
BRDA:56,4,0,0
BRDA:76,5,0,0
BRDA:76,5,1,0
BRDA:78,6,0,0
BRDA:78,6,1,0
BRDA:79,7,0,0
BRDA:79,7,1,0
BRDA:80,8,0,0
BRDA:80,8,1,0
BRDA:81,9,0,0
BRDA:81,9,1,0
BRDA:82,10,0,0
BRDA:82,10,1,0
BRDA:90,11,0,0
BRDA:98,12,0,0
BRF:19
BRH:0
end_of_record
TN:
SF:src\auth\security-guard.service.ts
FN:9,(anonymous_2)
FN:18,(anonymous_3)
FN:35,(anonymous_4)
FN:36,(anonymous_5)
FN:38,(anonymous_6)
FN:61,(anonymous_7)
FNF:6
FNH:0
FNDA:0,(anonymous_2)
FNDA:0,(anonymous_3)
FNDA:0,(anonymous_4)
FNDA:0,(anonymous_5)
FNDA:0,(anonymous_6)
FNDA:0,(anonymous_7)
DA:1,0
DA:2,0
DA:3,0
DA:6,0
DA:7,0
DA:10,0
DA:11,0
DA:19,0
DA:22,0
DA:34,0
DA:35,0
DA:36,0
DA:37,0
DA:38,0
DA:40,0
DA:41,0
DA:44,0
DA:51,0
DA:54,0
DA:64,0
DA:65,0
LF:21
LH:0
BRDA:37,0,0,0
BRDA:37,0,1,0
BRDA:37,1,0,0
BRDA:37,1,1,0
BRDA:38,2,0,0
BRDA:38,2,1,0
BRDA:40,3,0,0
BRF:7
BRH:0
end_of_record
TN:
SF:src\auth\token.service.ts
FN:28,(anonymous_4)
FN:36,(anonymous_5)
FN:40,(anonymous_6)
FN:44,(anonymous_7)
FN:56,(anonymous_8)
FN:88,(anonymous_9)
FN:153,(anonymous_10)
FN:158,(anonymous_11)
FN:164,(anonymous_12)
FN:169,(anonymous_13)
FN:178,(anonymous_14)
FNF:11
FNH:0
FNDA:0,(anonymous_4)
FNDA:0,(anonymous_5)
FNDA:0,(anonymous_6)
FNDA:0,(anonymous_7)
FNDA:0,(anonymous_8)
FNDA:0,(anonymous_9)
FNDA:0,(anonymous_10)
FNDA:0,(anonymous_11)
FNDA:0,(anonymous_12)
FNDA:0,(anonymous_13)
FNDA:0,(anonymous_14)
DA:1,0
DA:2,0
DA:3,0
DA:4,0
DA:5,0
DA:6,0
DA:21,0
DA:22,0
DA:25,0
DA:26,0
DA:29,0
DA:31,0
DA:37,0
DA:41,0
DA:45,0
DA:46,0
DA:47,0
DA:48,0
DA:49,0
DA:50,0
DA:51,0
DA:60,0
DA:62,0
DA:63,0
DA:64,0
DA:66,0
DA:83,0
DA:92,0
DA:93,0
DA:95,0
DA:96,0
DA:98,0
DA:99,0
DA:101,0
DA:102,0
DA:103,0
DA:107,0
DA:111,0
DA:112,0
DA:115,0
DA:121,0
DA:123,0
DA:140,0
DA:154,0
DA:155,0
DA:159,0
DA:160,0
DA:161,0
DA:165,0
DA:166,0
DA:170,0
DA:179,0
DA:180,0
LF:53
LH:0
BRDA:45,0,0,0
BRDA:46,1,0,0
BRDA:47,2,0,0
BRDA:48,3,0,0
BRDA:49,4,0,0
BRDA:50,5,0,0
BRDA:72,6,0,0
BRDA:72,6,1,0
BRDA:74,7,0,0
BRDA:74,7,1,0
BRDA:75,8,0,0
BRDA:75,8,1,0
BRDA:95,9,0,0
BRDA:96,10,0,0
BRDA:101,11,0,0
BRDA:130,12,0,0
BRDA:130,12,1,0
BRDA:131,13,0,0
BRDA:131,13,1,0
BRDA:132,14,0,0
BRDA:132,14,1,0
BRDA:160,15,0,0
BRDA:180,16,0,0
BRDA:180,16,1,0
BRF:24
BRH:0
end_of_record
TN:
SF:src\auth\totp.service.ts
FN:31,(anonymous_2)
FN:44,(anonymous_3)
FN:52,(anonymous_4)
FN:64,(anonymous_5)
FN:66,(anonymous_6)
FN:69,(anonymous_7)
FN:84,(anonymous_8)
FN:97,(anonymous_9)
FN:109,(anonymous_10)
FN:115,(anonymous_11)
FN:124,(anonymous_12)
FN:125,(anonymous_13)
FNF:12
FNH:0
FNDA:0,(anonymous_2)
FNDA:0,(anonymous_3)
FNDA:0,(anonymous_4)
FNDA:0,(anonymous_5)
FNDA:0,(anonymous_6)
FNDA:0,(anonymous_7)
FNDA:0,(anonymous_8)
FNDA:0,(anonymous_9)
FNDA:0,(anonymous_10)
FNDA:0,(anonymous_11)
FNDA:0,(anonymous_12)
FNDA:0,(anonymous_13)
DA:1,0
DA:4,0
DA:6,0
DA:27,0
DA:28,0
DA:32,0
DA:33,0
DA:34,0
DA:36,0
DA:38,0
DA:45,0
DA:46,0
DA:47,0
DA:48,0
DA:49,0
DA:53,0
DA:54,0
DA:55,0
DA:56,0
DA:57,0
DA:58,0
DA:59,0
DA:65,0
DA:66,0
DA:71,0
DA:72,0
DA:73,0
DA:74,0
DA:75,0
DA:76,0
DA:77,0
DA:81,0
DA:85,0
DA:86,0
DA:87,0
DA:88,0
DA:89,0
DA:90,0
DA:91,0
DA:92,0
DA:94,0
DA:98,0
DA:99,0
DA:101,0
DA:102,0
DA:104,0
DA:110,0
DA:111,0
DA:112,0
DA:116,0
DA:117,0
DA:118,0
DA:120,0
DA:125,0
LF:54
LH:0
BRDA:33,0,0,0
BRDA:33,0,1,0
BRDA:33,1,0,0
BRDA:33,1,1,0
BRDA:54,2,0,0
BRDA:54,3,0,0
BRDA:54,3,1,0
BRDA:54,3,2,0
BRDA:92,4,0,0
BRDA:102,5,0,0
BRDA:124,6,0,0
BRF:11
BRH:0
end_of_record
TN:
SF:src\auth\strategies\google.strategy.ts
FN:28,(anonymous_2)
FN:39,(anonymous_3)
FN:60,(anonymous_4)
FNF:3
FNH:0
FNDA:0,(anonymous_2)
FNDA:0,(anonymous_3)
FNDA:0,(anonymous_4)
DA:1,0
DA:2,0
DA:3,0
DA:4,0
DA:5,0
DA:6,0
DA:7,0
DA:8,0
DA:25,0
DA:26,0
DA:28,0
DA:29,0
DA:45,0
DA:46,0
DA:47,0
DA:48,0
DA:51,0
DA:53,0
DA:54,0
DA:55,0
DA:56,0
DA:59,0
DA:60,0
DA:61,0
DA:62,0
DA:63,0
DA:66,0
DA:72,0
DA:73,0
DA:79,0
DA:81,0
DA:82,0
DA:83,0
DA:84,0
DA:85,0
DA:86,0
DA:87,0
DA:89,0
DA:90,0
DA:91,0
DA:95,0
DA:97,0
DA:98,0
DA:100,0
DA:108,0
DA:110,0
DA:116,0
DA:118,0
DA:132,0
DA:135,0
DA:137,0
DA:138,0
LF:52
LH:0
BRDA:30,0,0,0
BRDA:30,0,1,0
BRDA:31,1,0,0
BRDA:31,1,1,0
BRDA:32,2,0,0
BRDA:32,2,1,0
BRDA:46,3,0,0
BRDA:46,3,1,0
BRDA:48,4,0,0
BRDA:48,4,1,0
BRDA:48,4,2,0
BRDA:49,5,0,0
BRDA:49,5,1,0
BRDA:49,6,0,0
BRDA:49,6,1,0
BRDA:51,7,0,0
BRDA:51,7,1,0
BRDA:53,8,0,0
BRDA:72,9,0,0
BRDA:79,10,0,0
BRDA:82,11,0,0
BRDA:83,12,0,0
BRDA:84,13,0,0
BRDA:85,14,0,0
BRF:24
BRH:0
end_of_record
TN:
SF:src\common\ai-http-client.service.ts
FN:25,(anonymous_2)
FN:31,(anonymous_3)
FN:37,(anonymous_4)
FN:49,(anonymous_5)
FN:60,(anonymous_6)
FN:74,(anonymous_7)
FN:88,(anonymous_8)
FN:97,(anonymous_9)
FN:118,(anonymous_10)
FNF:9
FNH:0
FNDA:0,(anonymous_2)
FNDA:0,(anonymous_3)
FNDA:0,(anonymous_4)
FNDA:0,(anonymous_5)
FNDA:0,(anonymous_6)
FNDA:0,(anonymous_7)
FNDA:0,(anonymous_8)
FNDA:0,(anonymous_9)
FNDA:0,(anonymous_10)
DA:1,0
DA:21,0
DA:22,0
DA:26,0
DA:32,0
DA:44,0
DA:55,0
DA:69,0
DA:83,0
DA:92,0
DA:98,0
DA:99,0
DA:105,0
DA:106,0
DA:107,0
DA:110,0
DA:112,0
DA:113,0
DA:114,0
DA:119,0
DA:120,0
DA:127,0
DA:128,0
DA:129,0
DA:132,0
DA:134,0
DA:135,0
DA:136,0
LF:28
LH:0
BRDA:26,0,0,0
BRDA:26,0,1,0
BRDA:105,1,0,0
BRDA:112,2,0,0
BRDA:112,2,1,0
BRDA:127,3,0,0
BRDA:134,4,0,0
BRDA:134,4,1,0
BRF:8
BRH:0
end_of_record
TN:
SF:src\common\alerts\adaptive-ttl.service.ts
FN:41,(anonymous_1)
FN:52,(anonymous_2)
FN:64,(anonymous_3)
FN:70,(anonymous_4)
FN:74,(anonymous_5)
FN:75,(anonymous_6)
FN:84,(anonymous_7)
FNF:7
FNH:0
FNDA:0,(anonymous_1)
FNDA:0,(anonymous_2)
FNDA:0,(anonymous_3)
FNDA:0,(anonymous_4)
FNDA:0,(anonymous_5)
FNDA:0,(anonymous_6)
FNDA:0,(anonymous_7)
DA:1,0
DA:41,0
DA:42,0
DA:43,0
DA:44,0
DA:45,0
DA:46,0
DA:47,0
DA:48,0
DA:49,0
DA:50,0
DA:53,0
DA:54,0
DA:57,0
DA:58,0
DA:59,0
DA:65,0
DA:66,0
DA:67,0
DA:71,0
DA:75,0
DA:81,0
DA:85,0
LF:23
LH:0
BRDA:54,0,0,0
BRDA:54,0,1,0
BRDA:58,1,0,0
BRDA:58,1,1,0
BRDA:65,2,0,0
BRDA:65,3,0,0
BRDA:65,3,1,0
BRDA:67,4,0,0
BRDA:67,4,1,0
BRDA:71,5,0,0
BRDA:71,5,1,0
BRDA:71,6,0,0
BRDA:71,6,1,0
BRDA:71,7,0,0
BRDA:71,7,1,0
BRDA:79,8,0,0
BRDA:79,8,1,0
BRF:17
BRH:0
end_of_record
TN:
SF:src\common\alerts\adaptive-weight-tuner.service.ts
FN:84,(anonymous_2)
FN:92,(anonymous_3)
FN:100,(anonymous_4)
FN:128,(anonymous_5)
FN:134,(anonymous_6)
FN:135,(anonymous_7)
FN:152,(anonymous_8)
FN:153,(anonymous_9)
FN:154,(anonymous_10)
FN:163,(anonymous_11)
FN:183,(anonymous_12)
FN:184,(anonymous_13)
FN:199,(anonymous_14)
FN:210,(anonymous_15)
FNF:14
FNH:0
FNDA:0,(anonymous_2)
FNDA:0,(anonymous_3)
FNDA:0,(anonymous_4)
FNDA:0,(anonymous_5)
FNDA:0,(anonymous_6)
FNDA:0,(anonymous_7)
FNDA:0,(anonymous_8)
FNDA:0,(anonymous_9)
FNDA:0,(anonymous_10)
FNDA:0,(anonymous_11)
FNDA:0,(anonymous_12)
FNDA:0,(anonymous_13)
FNDA:0,(anonymous_14)
FNDA:0,(anonymous_15)
DA:1,0
DA:2,0
DA:14,0
DA:22,0
DA:23,0
DA:24,0
DA:25,0
DA:78,0
DA:79,0
DA:80,0
DA:81,0
DA:82,0
DA:84,0
DA:93,0
DA:101,0
DA:102,0
DA:104,0
DA:107,0
DA:108,0
DA:109,0
DA:111,0
DA:112,0
DA:113,0
DA:124,0
DA:129,0
DA:130,0
DA:131,0
DA:134,0
DA:135,0
DA:153,0
DA:154,0
DA:157,0
DA:160,0
DA:163,0
DA:167,0
DA:168,0
DA:169,0
DA:170,0
DA:171,0
DA:173,0
DA:184,0
DA:185,0
DA:186,0
DA:187,0
DA:189,0
DA:200,0
DA:201,0
DA:211,0
LF:48
LH:0
BRDA:102,0,0,0
BRDA:112,1,0,0
BRDA:167,2,0,0
BRDA:167,2,1,0
BRDA:168,3,0,0
BRDA:168,3,1,0
BRDA:169,4,0,0
BRDA:169,4,1,0
BRDA:170,5,0,0
BRDA:170,5,1,0
BRDA:171,6,0,0
BRDA:171,6,1,0
BRF:12
BRH:0
end_of_record
TN:
SF:src\common\alerts\alert-history.service.ts
FN:27,(anonymous_1)
FN:37,(anonymous_2)
FN:51,(anonymous_3)
FN:69,(anonymous_4)
FN:74,(anonymous_5)
FN:75,(anonymous_6)
FN:79,(anonymous_7)
FN:80,(anonymous_8)
FN:84,(anonymous_9)
FN:85,(anonymous_10)
FN:93,(anonymous_11)
FN:101,(anonymous_12)
FN:102,(anonymous_13)
FN:103,(anonymous_14)
FN:113,(anonymous_15)
FN:116,(anonymous_16)
FN:127,(anonymous_17)
FN:129,(anonymous_18)
FN:135,(anonymous_19)
FNF:19
FNH:0
FNDA:0,(anonymous_1)
FNDA:0,(anonymous_2)
FNDA:0,(anonymous_3)
FNDA:0,(anonymous_4)
FNDA:0,(anonymous_5)
FNDA:0,(anonymous_6)
FNDA:0,(anonymous_7)
FNDA:0,(anonymous_8)
FNDA:0,(anonymous_9)
FNDA:0,(anonymous_10)
FNDA:0,(anonymous_11)
FNDA:0,(anonymous_12)
FNDA:0,(anonymous_13)
FNDA:0,(anonymous_14)
FNDA:0,(anonymous_15)
FNDA:0,(anonymous_16)
FNDA:0,(anonymous_17)
FNDA:0,(anonymous_18)
FNDA:0,(anonymous_19)
DA:1,0
DA:2,0
DA:27,0
DA:28,0
DA:29,0
DA:38,0
DA:40,0
DA:41,0
DA:43,0
DA:44,0
DA:53,0
DA:54,0
DA:55,0
DA:60,0
DA:63,0
DA:70,0
DA:75,0
DA:80,0
DA:85,0
DA:101,0
DA:102,0
DA:103,0
DA:105,0
DA:106,0
DA:107,0
DA:108,0
DA:109,0
DA:113,0
DA:114,0
DA:117,0
DA:122,0
DA:128,0
DA:129,0
DA:130,0
DA:131,0
DA:132,0
DA:136,0
LF:37
LH:0
BRDA:40,0,0,0
BRDA:54,1,0,0
BRDA:54,2,0,0
BRDA:54,2,1,0
BRDA:69,3,0,0
BRDA:108,4,0,0
BRDA:108,4,1,0
BRDA:109,5,0,0
BRDA:109,5,1,0
BRDA:114,6,0,0
BRDA:114,6,1,0
BRF:11
BRH:0
end_of_record
TN:
SF:src\common\alerts\alert-webhook.ts
FN:20,postToWebhook
FN:21,(anonymous_1)
FN:45,(anonymous_2)
FN:55,(anonymous_3)
FN:58,(anonymous_4)
FN:70,backoffDelay
FN:73,(anonymous_6)
FN:95,fireAlertWebhookWithRetry
FN:141,fireAlertWebhook
FNF:9
FNH:0
FNDA:0,postToWebhook
FNDA:0,(anonymous_1)
FNDA:0,(anonymous_2)
FNDA:0,(anonymous_3)
FNDA:0,(anonymous_4)
FNDA:0,backoffDelay
FNDA:0,(anonymous_6)
FNDA:0,fireAlertWebhookWithRetry
FNDA:0,fireAlertWebhook
DA:1,0
DA:2,0
DA:3,0
DA:21,0
DA:23,0
DA:24,0
DA:26,0
DA:27,0
DA:30,0
DA:31,0
DA:43,0
DA:45,0
DA:47,0
DA:48,0
DA:49,0
DA:51,0
DA:55,0
DA:58,0
DA:59,0
DA:62,0
DA:63,0
DA:72,0
DA:73,0
DA:95,0
DA:100,0
DA:101,0
DA:103,0
DA:108,0
DA:109,0
DA:110,0
DA:111,0
DA:112,0
DA:114,0
DA:115,0
DA:122,0
DA:141,0
DA:142,0
LF:37
LH:0
BRDA:33,0,0,0
BRDA:33,0,1,0
BRDA:33,1,0,0
BRDA:33,1,1,0
BRDA:43,2,0,0
BRDA:43,2,1,0
BRDA:48,3,0,0
BRDA:48,3,1,0
BRDA:48,4,0,0
BRDA:48,4,1,0
BRDA:48,4,2,0
BRDA:72,5,0,0
BRDA:72,5,1,0
BRDA:97,6,0,0
BRDA:98,7,0,0
BRDA:101,8,0,0
BRDA:114,9,0,0
BRDA:114,9,1,0
BRF:18
BRH:0
end_of_record
TN:
SF:src\common\alerts\arbitration-utility-scorer.service.ts
FN:106,(anonymous_2)
FN:117,(anonymous_3)
FN:128,(anonymous_4)
FN:142,(anonymous_5)
FN:144,(anonymous_6)
FN:145,(anonymous_7)
FN:156,(anonymous_8)
FN:161,(anonymous_9)
FN:171,(anonymous_10)
FN:178,(anonymous_11)
FN:187,(anonymous_12)
FN:210,(anonymous_13)
FN:225,(anonymous_14)
FN:226,(anonymous_15)
FNF:14
FNH:0
FNDA:0,(anonymous_2)
FNDA:0,(anonymous_3)
FNDA:0,(anonymous_4)
FNDA:0,(anonymous_5)
FNDA:0,(anonymous_6)
FNDA:0,(anonymous_7)
FNDA:0,(anonymous_8)
FNDA:0,(anonymous_9)
FNDA:0,(anonymous_10)
FNDA:0,(anonymous_11)
FNDA:0,(anonymous_12)
FNDA:0,(anonymous_13)
FNDA:0,(anonymous_14)
FNDA:0,(anonymous_15)
DA:1,0
DA:4,0
DA:5,0
DA:37,0
DA:94,0
DA:95,0
DA:98,0
DA:107,0
DA:108,0
DA:118,0
DA:119,0
DA:121,0
DA:122,0
DA:123,0
DA:124,0
DA:125,0
DA:127,0
DA:128,0
DA:130,0
DA:143,0
DA:144,0
DA:147,0
DA:148,0
DA:150,0
DA:157,0
DA:158,0
DA:162,0
DA:164,0
DA:165,0
DA:172,0
DA:174,0
DA:175,0
DA:180,0
DA:181,0
DA:189,0
DA:192,0
DA:211,0
DA:212,0
DA:213,0
DA:216,0
DA:226,0
DA:227,0
DA:229,0
LF:43
LH:0
BRDA:124,0,0,0
BRDA:124,0,1,0
BRDA:125,1,0,0
BRDA:125,1,1,0
BRDA:148,2,0,0
BRDA:148,3,0,0
BRDA:148,3,1,0
BRDA:157,4,0,0
BRDA:157,4,1,0
BRDA:157,5,0,0
BRDA:157,5,1,0
BRDA:164,6,0,0
BRDA:164,6,1,0
BRDA:167,7,0,0
BRDA:167,7,1,0
BRDA:180,8,0,0
BRDA:180,8,1,0
BRDA:183,9,0,0
BRDA:183,9,1,0
BRDA:189,10,0,0
BRDA:189,10,1,0
BRDA:194,11,0,0
BRDA:194,11,1,0
BRDA:212,12,0,0
BRDA:213,13,0,0
BRDA:213,14,0,0
BRDA:213,14,1,0
BRDA:227,15,0,0
BRDA:227,15,1,0
BRF:29
BRH:0
end_of_record
TN:
SF:src\common\alerts\auto-rca.service.ts
FN:74,(anonymous_2)
FN:81,(anonymous_3)
FN:120,(anonymous_4)
FN:138,(anonymous_5)
FN:142,(anonymous_6)
FN:148,(anonymous_7)
FN:157,(anonymous_8)
FN:200,(anonymous_9)
FNF:8
FNH:0
FNDA:0,(anonymous_2)
FNDA:0,(anonymous_3)
FNDA:0,(anonymous_4)
FNDA:0,(anonymous_5)
FNDA:0,(anonymous_6)
FNDA:0,(anonymous_7)
FNDA:0,(anonymous_8)
FNDA:0,(anonymous_9)
DA:1,0
DA:2,0
DA:68,0
DA:69,0
DA:70,0
DA:71,0
DA:72,0
DA:74,0
DA:82,0
DA:83,0
DA:85,0
DA:86,0
DA:87,0
DA:90,0
DA:93,0
DA:95,0
DA:97,0
DA:98,0
DA:101,0
DA:103,0
DA:104,0
DA:105,0
DA:107,0
DA:109,0
DA:120,0
DA:122,0
DA:123,0
DA:125,0
DA:139,0
DA:143,0
DA:144,0
DA:145,0
DA:149,0
DA:150,0
DA:151,0
DA:152,0
DA:164,0
DA:165,0
DA:167,0
DA:168,0
DA:169,0
DA:170,0
DA:172,0
DA:175,0
DA:176,0
DA:179,0
DA:180,0
DA:190,0
DA:191,0
DA:192,0
DA:193,0
DA:195,0
DA:207,0
DA:209,0
DA:210,0
DA:212,0
DA:213,0
DA:214,0
DA:215,0
DA:217,0
DA:220,0
DA:221,0
DA:222,0
DA:223,0
DA:225,0
DA:227,0
LF:66
LH:0
BRDA:85,0,0,0
BRDA:98,1,0,0
BRDA:101,2,0,0
BRDA:101,3,0,0
BRDA:101,3,1,0
BRDA:143,4,0,0
BRDA:149,5,0,0
BRDA:150,6,0,0
BRDA:151,7,0,0
BRDA:169,8,0,0
BRDA:169,9,0,0
BRDA:169,9,1,0
BRDA:176,10,0,0
BRDA:193,11,0,0
BRDA:209,12,0,0
BRDA:209,12,1,0
BRDA:212,13,0,0
BRDA:212,13,1,0
BRDA:214,14,0,0
BRDA:214,14,1,0
BRDA:221,15,0,0
BRDA:221,15,1,0
BRDA:222,16,0,0
BRDA:222,16,1,0
BRDA:225,17,0,0
BRF:25
BRH:0
end_of_record
TN:
SF:src\common\alerts\auto-rollback-detector.service.ts
FN:71,(anonymous_2)
FN:83,(anonymous_3)
FN:135,(anonymous_4)
FN:139,(anonymous_5)
FN:140,(anonymous_6)
FN:143,(anonymous_7)
FN:144,(anonymous_8)
FN:152,(anonymous_9)
FNF:8
FNH:0
FNDA:0,(anonymous_2)
FNDA:0,(anonymous_3)
FNDA:0,(anonymous_4)
FNDA:0,(anonymous_5)
FNDA:0,(anonymous_6)
FNDA:0,(anonymous_7)
FNDA:0,(anonymous_8)
FNDA:0,(anonymous_9)
DA:1,0
DA:2,0
DA:3,0
DA:60,0
DA:61,0
DA:62,0
DA:63,0
DA:66,0
DA:69,0
DA:71,0
DA:85,0
DA:88,0
DA:89,0
DA:92,0
DA:96,0
DA:97,0
DA:100,0
DA:101,0
DA:104,0
DA:105,0
DA:107,0
DA:108,0
DA:121,0
DA:122,0
DA:124,0
DA:125,0
DA:130,0
DA:136,0
DA:140,0
DA:144,0
DA:145,0
DA:146,0
DA:147,0
DA:158,0
DA:159,0
DA:161,0
DA:166,0
DA:167,0
DA:169,0
DA:172,0
DA:173,0
DA:176,0
LF:42
LH:0
BRDA:85,0,0,0
BRDA:88,1,0,0
BRDA:97,2,0,0
BRDA:101,3,0,0
BRDA:104,4,0,0
BRDA:122,5,0,0
BRDA:124,6,0,0
BRDA:124,6,1,0
BRDA:126,7,0,0
BRDA:126,7,1,0
BRDA:135,8,0,0
BRDA:145,9,0,0
BRDA:166,10,0,0
BRDA:166,10,1,0
BRDA:172,11,0,0
BRF:15
BRH:0
end_of_record
TN:
SF:src\common\alerts\constitutional-drift.service.ts
FN:23,(anonymous_2)
FN:28,(anonymous_3)
FN:35,(anonymous_4)
FN:37,(anonymous_5)
FN:47,(anonymous_6)
FNF:5
FNH:0
FNDA:0,(anonymous_2)
FNDA:0,(anonymous_3)
FNDA:0,(anonymous_4)
FNDA:0,(anonymous_5)
FNDA:0,(anonymous_6)
DA:1,0
DA:2,0
DA:3,0
DA:20,0
DA:21,0
DA:24,0
DA:25,0
DA:29,0
DA:30,0
DA:32,0
DA:33,0
DA:35,0
DA:36,0
DA:37,0
DA:40,0
DA:41,0
DA:42,0
DA:47,0
DA:48,0
DA:49,0
DA:50,0
DA:53,0
LF:22
LH:0
BRDA:36,0,0,0
BRDA:36,0,1,0
BRDA:37,1,0,0
BRDA:37,1,1,0
BRDA:40,2,0,0
BRDA:40,3,0,0
BRDA:40,3,1,0
BRDA:40,4,0,0
BRDA:40,4,1,0
BRDA:47,5,0,0
BRDA:47,5,1,0
BRDA:48,6,0,0
BRDA:57,7,0,0
BRDA:57,7,1,0
BRF:14
BRH:0
end_of_record
TN:
SF:src\common\alerts\constitutional-registry.service.ts
FN:32,(anonymous_2)
FN:49,(anonymous_3)
FN:53,(anonymous_4)
FN:61,(anonymous_5)
FN:77,(anonymous_6)
FN:78,(anonymous_7)
FN:85,(anonymous_8)
FN:86,(anonymous_9)
FNF:8
FNH:0
FNDA:0,(anonymous_2)
FNDA:0,(anonymous_3)
FNDA:0,(anonymous_4)
FNDA:0,(anonymous_5)
FNDA:0,(anonymous_6)
FNDA:0,(anonymous_7)
FNDA:0,(anonymous_8)
FNDA:0,(anonymous_9)
DA:1,0
DA:27,0
DA:28,0
DA:29,0
DA:30,0
DA:34,0
DA:50,0
DA:54,0
DA:62,0
DA:64,0
DA:73,0
DA:74,0
DA:78,0
DA:79,0
DA:80,0
DA:81,0
DA:86,0
DA:87,0
DA:88,0
DA:90,0
DA:91,0
LF:21
LH:0
BRDA:79,0,0,0
BRDA:87,1,0,0
BRDA:88,2,0,0
BRF:3
BRH:0
end_of_record
TN:
SF:src\common\alerts\constitutional-rollback.service.ts
FN:15,(anonymous_2)
FN:20,(anonymous_3)
FNF:2
FNH:0
FNDA:0,(anonymous_2)
FNDA:0,(anonymous_3)
DA:1,0
DA:2,0
DA:12,0
DA:13,0
DA:15,0
DA:21,0
DA:25,0
LF:7
LH:0
BRF:0
BRH:0
end_of_record
TN:
SF:src\common\alerts\constitutional-sunset.service.ts
FN:19,(anonymous_1)
FN:26,(anonymous_2)
FN:43,(anonymous_3)
FN:63,(anonymous_4)
FNF:4
FNH:0
FNDA:0,(anonymous_1)
FNDA:0,(anonymous_2)
FNDA:0,(anonymous_3)
FNDA:0,(anonymous_4)
DA:1,0
DA:19,0
DA:20,0
DA:21,0
DA:27,0
DA:28,0
DA:29,0
DA:31,0
DA:44,0
DA:45,0
DA:47,0
DA:48,0
DA:50,0
DA:51,0
DA:52,0
DA:56,0
DA:57,0
DA:58,0
DA:60,0
DA:64,0
DA:65,0
DA:66,0
DA:67,0
DA:68,0
DA:70,0
DA:71,0
DA:72,0
DA:73,0
LF:28
LH:0
BRDA:45,0,0,0
BRDA:50,1,0,0
BRDA:58,2,0,0
BRDA:65,3,0,0
BRF:4
BRH:0
end_of_record
TN:
SF:src\common\alerts\coordination-telemetry.service.ts
FN:51,(anonymous_4)
FN:56,(anonymous_5)
FN:58,(anonymous_6)
FN:61,(anonymous_7)
FN:65,(anonymous_8)
FN:68,(anonymous_9)
FN:70,(anonymous_10)
FN:84,(anonymous_11)
FN:111,(anonymous_12)
FN:124,(anonymous_13)
FN:136,(anonymous_14)
FN:138,(anonymous_15)
FN:52,(anonymous_16)
FNF:13
FNH:0
FNDA:0,(anonymous_4)
FNDA:0,(anonymous_5)
FNDA:0,(anonymous_6)
FNDA:0,(anonymous_7)
FNDA:0,(anonymous_8)
FNDA:0,(anonymous_9)
FNDA:0,(anonymous_10)
FNDA:0,(anonymous_11)
FNDA:0,(anonymous_12)
FNDA:0,(anonymous_13)
FNDA:0,(anonymous_14)
FNDA:0,(anonymous_15)
FNDA:0,(anonymous_16)
DA:1,0
DA:2,0
DA:43,0
DA:44,0
DA:45,0
DA:46,0
DA:47,0
DA:48,0
DA:52,0
DA:53,0
DA:58,0
DA:62,0
DA:66,0
DA:67,0
DA:68,0
DA:69,0
DA:70,0
DA:73,0
DA:80,0
DA:85,0
DA:91,0
DA:101,0
DA:102,0
DA:104,0
DA:105,0
DA:107,0
DA:112,0
DA:120,0
DA:121,0
DA:125,0
DA:137,0
DA:138,0
DA:139,0
LF:33
LH:0
BRDA:62,0,0,0
BRDA:69,1,0,0
BRDA:69,1,1,0
BRDA:80,2,0,0
BRDA:80,2,1,0
BRDA:84,3,0,0
BRDA:102,4,0,0
BRDA:104,5,0,0
BRDA:104,5,1,0
BRDA:121,6,0,0
BRDA:130,7,0,0
BRDA:130,7,1,0
BRDA:138,8,0,0
BRDA:138,8,1,0
BRF:14
BRH:0
end_of_record
TN:
SF:src\common\alerts\deterministic-replay-sandbox.service.ts
FN:12,(anonymous_1)
FN:19,(anonymous_2)
FN:37,(anonymous_3)
FNF:3
FNH:0
FNDA:0,(anonymous_1)
FNDA:0,(anonymous_2)
FNDA:0,(anonymous_3)
DA:1,0
DA:12,0
DA:13,0
DA:20,0
DA:23,0
DA:24,0
DA:25,0
DA:33,0
DA:34,0
DA:38,0
LF:10
LH:0
BRDA:24,0,0,0
BRDA:39,1,0,0
BRDA:39,1,1,0
BRDA:39,1,2,0
BRF:4
BRH:0
end_of_record
TN:
SF:src\common\alerts\error-budget.service.ts
FN:82,(anonymous_4)
FN:89,(anonymous_5)
FN:140,(anonymous_6)
FN:222,(anonymous_7)
FN:228,(anonymous_8)
FN:231,(anonymous_9)
FN:232,(anonymous_10)
FN:263,(anonymous_11)
FN:271,(anonymous_12)
FN:307,(anonymous_13)
FN:366,(anonymous_14)
FN:367,(anonymous_15)
FN:377,(anonymous_16)
FN:381,(anonymous_17)
FN:410,(anonymous_18)
FN:431,(anonymous_19)
FN:443,(anonymous_20)
FN:450,(anonymous_21)
FN:457,(anonymous_22)
FNF:19
FNH:0
FNDA:0,(anonymous_4)
FNDA:0,(anonymous_5)
FNDA:0,(anonymous_6)
FNDA:0,(anonymous_7)
FNDA:0,(anonymous_8)
FNDA:0,(anonymous_9)
FNDA:0,(anonymous_10)
FNDA:0,(anonymous_11)
FNDA:0,(anonymous_12)
FNDA:0,(anonymous_13)
FNDA:0,(anonymous_14)
FNDA:0,(anonymous_15)
FNDA:0,(anonymous_16)
FNDA:0,(anonymous_17)
FNDA:0,(anonymous_18)
FNDA:0,(anonymous_19)
FNDA:0,(anonymous_20)
FNDA:0,(anonymous_21)
FNDA:0,(anonymous_22)
DA:1,0
DA:2,0
DA:3,0
DA:4,0
DA:8,0
DA:9,0
DA:13,0
DA:28,0
DA:29,0
DA:33,0
DA:70,0
DA:71,0
DA:74,0
DA:83,0
DA:84,0
DA:90,0
DA:91,0
DA:92,0
DA:93,0
DA:95,0
DA:97,0
DA:98,0
DA:108,0
DA:109,0
DA:112,0
DA:113,0
DA:114,0
DA:115,0
DA:116,0
DA:118,0
DA:128,0
DA:129,0
DA:141,0
DA:142,0
DA:143,0
DA:144,0
DA:147,0
DA:148,0
DA:150,0
DA:151,0
DA:172,0
DA:173,0
DA:174,0
DA:175,0
DA:177,0
DA:178,0
DA:180,0
DA:181,0
DA:184,0
DA:185,0
DA:186,0
DA:187,0
DA:191,0
DA:206,0
DA:207,0
DA:225,0
DA:226,0
DA:228,0
DA:229,0
DA:231,0
DA:232,0
DA:235,0
DA:241,0
DA:246,0
DA:268,0
DA:269,0
DA:271,0
DA:273,0
DA:274,0
DA:275,0
DA:277,0
DA:278,0
DA:279,0
DA:282,0
DA:283,0
DA:294,0
DA:295,0
DA:319,0
DA:321,0
DA:322,0
DA:323,0
DA:325,0
DA:328,0
DA:329,0
DA:331,0
DA:335,0
DA:355,0
DA:357,0
DA:366,0
DA:369,0
DA:378,0
DA:380,0
DA:381,0
DA:382,0
DA:383,0
DA:404,0
DA:417,0
DA:418,0
DA:425,0
DA:432,0
DA:438,0
DA:444,0
DA:447,0
DA:451,0
DA:454,0
DA:458,0
DA:459,0
DA:460,0
DA:461,0
DA:462,0
LF:110
LH:0
BRDA:108,0,0,0
BRDA:108,0,1,0
BRDA:109,1,0,0
BRDA:109,1,1,0
BRDA:115,2,0,0
BRDA:115,2,1,0
BRDA:172,3,0,0
BRDA:172,3,1,0
BRDA:173,4,0,0
BRDA:173,4,1,0
BRDA:174,5,0,0
BRDA:174,5,1,0
BRDA:175,6,0,0
BRDA:175,6,1,0
BRDA:177,7,0,0
BRDA:177,7,1,0
BRDA:178,8,0,0
BRDA:178,8,1,0
BRDA:180,9,0,0
BRDA:180,9,1,0
BRDA:187,10,0,0
BRDA:187,10,1,0
BRDA:187,11,0,0
BRDA:187,11,1,0
BRDA:198,12,0,0
BRDA:198,12,1,0
BRDA:275,13,0,0
BRDA:282,14,0,0
BRDA:282,15,0,0
BRDA:282,15,1,0
BRDA:294,16,0,0
BRDA:294,17,0,0
BRDA:294,17,1,0
BRDA:322,18,0,0
BRDA:322,18,1,0
BRDA:323,19,0,0
BRDA:325,20,0,0
BRDA:325,20,1,0
BRDA:328,21,0,0
BRDA:328,21,1,0
BRDA:329,22,0,0
BRDA:329,22,1,0
BRDA:351,23,0,0
BRDA:351,23,1,0
BRDA:393,24,0,0
BRDA:393,24,1,0
BRDA:394,25,0,0
BRDA:394,25,1,0
BRDA:395,26,0,0
BRDA:395,26,1,0
BRDA:396,27,0,0
BRDA:396,27,1,0
BRDA:397,28,0,0
BRDA:397,28,1,0
BRDA:398,29,0,0
BRDA:398,29,1,0
BRDA:399,30,0,0
BRDA:399,30,1,0
BRDA:422,31,0,0
BRDA:422,31,1,0
BRDA:438,32,0,0
BRDA:438,32,1,0
BRDA:458,33,0,0
BRDA:460,34,0,0
BRDA:461,35,0,0
BRF:65
BRH:0
end_of_record
TN:
SF:src\common\alerts\governance-algorithm-registry.ts
FNF:0
FNH:0
DA:21,0
LF:1
LH:0
BRF:0
BRH:0
end_of_record
TN:
SF:src\common\alerts\governance-budget.service.ts
FN:15,(anonymous_2)
FN:20,(anonymous_3)
FN:36,(anonymous_4)
FNF:3
FNH:0
FNDA:0,(anonymous_2)
FNDA:0,(anonymous_3)
FNDA:0,(anonymous_4)
DA:1,0
DA:2,0
DA:12,0
DA:13,0
DA:15,0
DA:21,0
DA:24,0
DA:25,0
DA:26,0
DA:30,0
DA:37,0
DA:38,0
DA:39,0
DA:40,0
LF:14
LH:0
BRDA:24,0,0,0
BRDA:38,1,0,0
BRDA:39,2,0,0
BRF:3
BRH:0
end_of_record
TN:
SF:src\common\alerts\governance-calculus.service.ts
FN:3,(anonymous_1)
FN:17,(anonymous_2)
FN:41,(anonymous_3)
FN:55,(anonymous_4)
FNF:4
FNH:0
FNDA:0,(anonymous_1)
FNDA:0,(anonymous_2)
FNDA:0,(anonymous_3)
FNDA:0,(anonymous_4)
DA:1,0
DA:3,0
DA:4,0
DA:5,0
DA:6,0
DA:7,0
DA:17,0
DA:18,0
DA:21,0
DA:42,0
DA:45,0
DA:46,0
DA:48,0
DA:49,0
DA:52,0
DA:56,0
LF:16
LH:0
BRDA:3,0,0,0
BRDA:3,0,1,0
BRDA:45,1,0,0
BRDA:45,1,1,0
BRDA:46,2,0,0
BRDA:46,2,1,0
BRDA:48,3,0,0
BRF:7
BRH:0
end_of_record
TN:
SF:src\common\alerts\governance-clock.service.ts
FN:17,(anonymous_1)
FN:27,(anonymous_2)
FN:30,(anonymous_3)
FN:34,(anonymous_4)
FNF:4
FNH:0
FNDA:0,(anonymous_1)
FNDA:0,(anonymous_2)
FNDA:0,(anonymous_3)
FNDA:0,(anonymous_4)
DA:1,0
DA:11,0
DA:16,0
DA:18,0
DA:27,0
DA:28,0
DA:31,0
DA:35,0
LF:8
LH:0
BRDA:31,0,0,0
BRDA:31,0,1,0
BRF:2
BRH:0
end_of_record
TN:
SF:src\common\alerts\governance-complexity.guard.ts
FN:11,(anonymous_1)
FN:25,(anonymous_2)
FN:39,(anonymous_3)
FNF:3
FNH:0
FNDA:0,(anonymous_1)
FNDA:0,(anonymous_2)
FNDA:0,(anonymous_3)
DA:1,0
DA:11,0
DA:12,0
DA:15,0
DA:26,0
DA:27,0
DA:28,0
DA:31,0
DA:32,0
DA:33,0
DA:36,0
DA:40,0
LF:12
LH:0
BRDA:26,0,0,0
BRDA:31,1,0,0
BRF:2
BRH:0
end_of_record
TN:
SF:src\common\alerts\governance-compression.service.ts
FN:19,(anonymous_1)
FN:25,(anonymous_2)
FNF:2
FNH:0
FNDA:0,(anonymous_1)
FNDA:0,(anonymous_2)
DA:1,0
DA:19,0
DA:20,0
DA:26,0
DA:28,0
DA:31,0
DA:32,0
DA:40,0
LF:8
LH:0
BRDA:31,0,0,0
BRF:1
BRH:0
end_of_record
TN:
SF:src\common\alerts\governance-constitution.service.ts
FN:22,(anonymous_2)
FN:27,(anonymous_3)
FNF:2
FNH:0
FNDA:0,(anonymous_2)
FNDA:0,(anonymous_3)
DA:1,0
DA:2,0
DA:3,0
DA:19,0
DA:20,0
DA:22,0
DA:34,0
DA:38,0
DA:39,0
DA:48,0
DA:49,0
DA:50,0
DA:59,0
DA:60,0
DA:61,0
DA:68,0
LF:16
LH:0
BRDA:38,0,0,0
BRDA:38,1,0,0
BRDA:38,1,1,0
BRDA:49,2,0,0
BRDA:49,3,0,0
BRDA:49,3,1,0
BRDA:60,4,0,0
BRDA:60,5,0,0
BRDA:60,5,1,0
BRF:9
BRH:0
end_of_record
TN:
SF:src\common\alerts\governance-economics.service.ts
FN:20,(anonymous_1)
FN:29,(anonymous_2)
FN:34,(anonymous_3)
FN:39,(anonymous_4)
FN:40,(anonymous_5)
FNF:5
FNH:0
FNDA:0,(anonymous_1)
FNDA:0,(anonymous_2)
FNDA:0,(anonymous_3)
FNDA:0,(anonymous_4)
FNDA:0,(anonymous_5)
DA:1,0
DA:20,0
DA:21,0
DA:22,0
DA:30,0
DA:31,0
DA:35,0
DA:36,0
DA:40,0
DA:43,0
LF:10
LH:0
BRDA:31,0,0,0
BRDA:41,1,0,0
BRDA:41,1,1,0
BRDA:48,2,0,0
BRDA:48,2,1,0
BRF:5
BRH:0
end_of_record
TN:
SF:src\common\alerts\governance-fuzzing.service.ts
FN:14,(anonymous_2)
FN:19,(anonymous_3)
FN:23,(anonymous_4)
FN:36,(anonymous_5)
FN:45,(anonymous_6)
FNF:5
FNH:0
FNDA:0,(anonymous_2)
FNDA:0,(anonymous_3)
FNDA:0,(anonymous_4)
FNDA:0,(anonymous_5)
FNDA:0,(anonymous_6)
DA:1,0
DA:2,0
DA:11,0
DA:12,0
DA:14,0
DA:20,0
DA:22,0
DA:23,0
DA:24,0
DA:25,0
DA:26,0
DA:36,0
DA:37,0
DA:38,0
DA:46,0
DA:48,0
DA:49,0
LF:17
LH:0
BRDA:19,0,0,0
BRDA:31,1,0,0
BRDA:31,1,1,0
BRF:3
BRH:0
end_of_record
TN:
SF:src\common\alerts\governance-hasher.service.ts
FN:16,(anonymous_1)
FN:25,(anonymous_2)
FN:33,(anonymous_3)
FN:36,(anonymous_4)
FNF:4
FNH:0
FNDA:0,(anonymous_1)
FNDA:0,(anonymous_2)
FNDA:0,(anonymous_3)
FNDA:0,(anonymous_4)
DA:1,0
DA:2,0
DA:11,0
DA:17,0
DA:18,0
DA:26,0
DA:28,0
DA:29,0
DA:32,0
DA:33,0
DA:35,0
DA:36,0
LF:12
LH:0
BRDA:26,0,0,0
BRDA:28,1,0,0
BRDA:32,2,0,0
BRDA:33,3,0,0
BRF:4
BRH:0
end_of_record
TN:
SF:src\common\alerts\governance-migration-safeguard.ts
FN:11,(anonymous_1)
FN:17,(anonymous_2)
FNF:2
FNH:0
FNDA:0,(anonymous_1)
FNDA:0,(anonymous_2)
DA:1,0
DA:11,0
DA:12,0
DA:18,0
DA:21,0
LF:5
LH:0
BRF:0
BRH:0
end_of_record
TN:
SF:src\common\alerts\governance-postmortem.service.ts
FN:21,(anonymous_1)
FN:28,(anonymous_2)
FN:36,(anonymous_3)
FN:40,(anonymous_4)
FN:41,(anonymous_5)
FNF:5
FNH:0
FNDA:0,(anonymous_1)
FNDA:0,(anonymous_2)
FNDA:0,(anonymous_3)
FNDA:0,(anonymous_4)
FNDA:0,(anonymous_5)
DA:1,0
DA:21,0
DA:22,0
DA:23,0
DA:29,0
DA:30,0
DA:32,0
DA:33,0
DA:37,0
DA:41,0
LF:10
LH:0
BRF:0
BRH:0
end_of_record
TN:
SF:src\common\alerts\governance-precedence-registry.ts
FN:8,(anonymous_1)
FN:29,(anonymous_2)
FN:36,(anonymous_3)
FNF:3
FNH:0
FNDA:0,(anonymous_1)
FNDA:0,(anonymous_2)
FNDA:0,(anonymous_3)
DA:1,0
DA:8,0
DA:9,0
DA:10,0
DA:11,0
DA:12,0
DA:13,0
DA:24,0
DA:30,0
DA:37,0
LF:10
LH:0
BRDA:8,0,0,0
BRDA:8,0,1,0
BRDA:30,1,0,0
BRDA:30,1,1,0
BRF:4
BRH:0
end_of_record
TN:
SF:src\common\alerts\governance-simulation.service.ts
FN:16,(anonymous_2)
FN:24,(anonymous_3)
FNF:2
FNH:0
FNDA:0,(anonymous_2)
FNDA:0,(anonymous_3)
DA:1,0
DA:2,0
DA:3,0
DA:13,0
DA:14,0
DA:17,0
DA:18,0
DA:28,0
DA:31,0
DA:32,0
DA:33,0
DA:40,0
LF:12
LH:0
BRDA:32,0,0,0
BRDA:43,1,0,0
BRDA:43,1,1,0
BRDA:44,2,0,0
BRDA:44,2,1,0
BRF:5
BRH:0
end_of_record
TN:
SF:src\common\alerts\governance-skepticism.engine.ts
FN:17,(anonymous_1)
FN:24,(anonymous_2)
FN:43,(anonymous_3)
FNF:3
FNH:0
FNDA:0,(anonymous_1)
FNDA:0,(anonymous_2)
FNDA:0,(anonymous_3)
DA:1,0
DA:17,0
DA:18,0
DA:25,0
DA:27,0
DA:28,0
DA:31,0
DA:44,0
LF:8
LH:0
BRDA:24,0,0,0
BRDA:25,1,0,0
BRDA:25,1,1,0
BRDA:27,2,0,0
BRDA:33,3,0,0
BRDA:33,3,1,0
BRF:6
BRH:0
end_of_record
TN:
SF:src\common\alerts\governance-snapshot.service.ts
FN:28,(anonymous_2)
FN:33,(anonymous_3)
FN:62,(anonymous_4)
FNF:3
FNH:0
FNDA:0,(anonymous_2)
FNDA:0,(anonymous_3)
FNDA:0,(anonymous_4)
DA:1,0
DA:2,0
DA:4,0
DA:25,0
DA:26,0
DA:28,0
DA:42,0
DA:44,0
DA:56,0
DA:58,0
DA:59,0
DA:63,0
DA:64,0
DA:65,0
LF:14
LH:0
BRF:0
BRH:0
end_of_record
TN:
SF:src\common\alerts\governance-sovereignty.service.ts
FN:26,(anonymous_1)
FN:38,(anonymous_2)
FN:55,(anonymous_3)
FN:60,(anonymous_4)
FN:68,(anonymous_5)
FN:73,(anonymous_6)
FN:77,(anonymous_7)
FNF:7
FNH:0
FNDA:0,(anonymous_1)
FNDA:0,(anonymous_2)
FNDA:0,(anonymous_3)
FNDA:0,(anonymous_4)
FNDA:0,(anonymous_5)
FNDA:0,(anonymous_6)
FNDA:0,(anonymous_7)
DA:1,0
DA:26,0
DA:27,0
DA:28,0
DA:29,0
DA:30,0
DA:32,0
DA:39,0
DA:40,0
DA:41,0
DA:42,0
DA:45,0
DA:46,0
DA:48,0
DA:49,0
DA:50,0
DA:51,0
DA:56,0
DA:57,0
DA:61,0
DA:69,0
DA:70,0
DA:74,0
DA:78,0
LF:24
LH:0
BRDA:40,0,0,0
BRDA:48,1,0,0
BRF:2
BRH:0
end_of_record
TN:
SF:src\common\alerts\incident-playback.service.ts
FN:84,(anonymous_4)
FN:88,(anonymous_5)
FN:108,(anonymous_6)
FN:119,(anonymous_7)
FN:120,(anonymous_8)
FN:121,(anonymous_9)
FN:122,(anonymous_10)
FN:123,(anonymous_11)
FN:135,(anonymous_12)
FN:149,(anonymous_13)
FN:171,(anonymous_14)
FN:186,(anonymous_15)
FN:206,(anonymous_16)
FN:220,(anonymous_17)
FN:238,(anonymous_18)
FN:254,(anonymous_19)
FN:275,(anonymous_20)
FN:321,(anonymous_21)
FN:322,(anonymous_22)
FN:336,(anonymous_23)
FN:337,(anonymous_24)
FN:350,(anonymous_25)
FN:351,(anonymous_26)
FNF:23
FNH:0
FNDA:0,(anonymous_4)
FNDA:0,(anonymous_5)
FNDA:0,(anonymous_6)
FNDA:0,(anonymous_7)
FNDA:0,(anonymous_8)
FNDA:0,(anonymous_9)
FNDA:0,(anonymous_10)
FNDA:0,(anonymous_11)
FNDA:0,(anonymous_12)
FNDA:0,(anonymous_13)
FNDA:0,(anonymous_14)
FNDA:0,(anonymous_15)
FNDA:0,(anonymous_16)
FNDA:0,(anonymous_17)
FNDA:0,(anonymous_18)
FNDA:0,(anonymous_19)
FNDA:0,(anonymous_20)
FNDA:0,(anonymous_21)
FNDA:0,(anonymous_22)
FNDA:0,(anonymous_23)
FNDA:0,(anonymous_24)
FNDA:0,(anonymous_25)
FNDA:0,(anonymous_26)
DA:1,0
DA:2,0
DA:3,0
DA:81,0
DA:82,0
DA:84,0
DA:94,0
DA:102,0
DA:108,0
DA:111,0
DA:113,0
DA:119,0
DA:120,0
DA:121,0
DA:122,0
DA:123,0
DA:127,0
DA:130,0
DA:136,0
DA:137,0
DA:149,0
DA:164,0
DA:165,0
DA:172,0
DA:173,0
DA:186,0
DA:199,0
DA:200,0
DA:207,0
DA:208,0
DA:220,0
DA:231,0
DA:232,0
DA:239,0
DA:240,0
DA:254,0
DA:268,0
DA:269,0
DA:276,0
DA:277,0
DA:285,0
DA:286,0
DA:287,0
DA:288,0
DA:289,0
DA:291,0
DA:292,0
DA:294,0
DA:310,0
DA:322,0
DA:323,0
DA:325,0
DA:326,0
DA:327,0
DA:328,0
DA:332,0
DA:334,0
DA:335,0
DA:336,0
DA:337,0
DA:338,0
DA:342,0
DA:343,0
DA:344,0
DA:350,0
DA:351,0
DA:353,0
DA:354,0
DA:355,0
DA:356,0
DA:357,0
DA:358,0
DA:359,0
LF:73
LH:0
BRDA:144,0,0,0
BRDA:144,0,1,0
BRDA:146,1,0,0
BRDA:146,1,1,0
BRDA:151,2,0,0
BRDA:151,2,1,0
BRDA:153,3,0,0
BRDA:153,3,1,0
BRDA:153,4,0,0
BRDA:153,4,1,0
BRDA:155,5,0,0
BRDA:155,5,1,0
BRDA:159,6,0,0
BRDA:159,6,1,0
BRDA:190,7,0,0
BRDA:190,7,1,0
BRDA:193,8,0,0
BRDA:193,8,1,0
BRDA:194,9,0,0
BRDA:194,9,1,0
BRDA:224,10,0,0
BRDA:224,10,1,0
BRDA:248,11,0,0
BRDA:248,11,1,0
BRDA:251,12,0,0
BRDA:251,12,1,0
BRDA:261,13,0,0
BRDA:261,13,1,0
BRDA:262,14,0,0
BRDA:262,14,1,0
BRDA:263,15,0,0
BRDA:263,15,1,0
BRDA:287,16,0,0
BRDA:287,17,0,0
BRDA:287,17,1,0
BRDA:289,18,0,0
BRDA:289,19,0,0
BRDA:289,19,1,0
BRDA:292,20,0,0
BRDA:298,21,0,0
BRDA:298,21,1,0
BRDA:298,22,0,0
BRDA:298,22,1,0
BRDA:300,23,0,0
BRDA:300,23,1,0
BRDA:326,24,0,0
BRDA:327,25,0,0
BRDA:334,26,0,0
BRDA:335,27,0,0
BRDA:335,27,1,0
BRDA:336,28,0,0
BRDA:336,28,1,0
BRDA:342,29,0,0
BRDA:342,30,0,0
BRDA:342,30,1,0
BRDA:343,31,0,0
BRDA:357,32,0,0
BRDA:357,33,0,0
BRDA:357,33,1,0
BRDA:358,34,0,0
BRF:60
BRH:0
end_of_record
TN:
SF:src\common\alerts\meta-verification.service.ts
FN:14,(anonymous_2)
FN:20,(anonymous_3)
FNF:2
FNH:0
FNDA:0,(anonymous_2)
FNDA:0,(anonymous_3)
DA:1,0
DA:2,0
DA:11,0
DA:12,0
DA:14,0
DA:21,0
DA:23,0
DA:24,0
DA:27,0
DA:29,0
DA:30,0
DA:31,0
DA:34,0
DA:35,0
LF:14
LH:0
BRDA:29,0,0,0
BRF:1
BRH:0
end_of_record
TN:
SF:src\common\alerts\mitigation-arbitration-engine.service.ts
FN:67,(anonymous_2)
FN:64,(anonymous_3)
FN:81,(anonymous_4)
FN:89,(anonymous_5)
FN:135,(anonymous_6)
FN:158,(anonymous_7)
FN:163,(anonymous_8)
FN:171,(anonymous_9)
FN:179,(anonymous_10)
FN:185,(anonymous_11)
FN:190,(anonymous_12)
FN:269,(anonymous_13)
FN:272,(anonymous_14)
FN:273,(anonymous_15)
FN:288,(anonymous_16)
FN:290,(anonymous_17)
FN:295,(anonymous_18)
FN:330,(anonymous_19)
FN:356,(anonymous_20)
FN:362,(anonymous_21)
FN:366,(anonymous_22)
FNF:21
FNH:0
FNDA:0,(anonymous_2)
FNDA:0,(anonymous_3)
FNDA:0,(anonymous_4)
FNDA:0,(anonymous_5)
FNDA:0,(anonymous_6)
FNDA:0,(anonymous_7)
FNDA:0,(anonymous_8)
FNDA:0,(anonymous_9)
FNDA:0,(anonymous_10)
FNDA:0,(anonymous_11)
FNDA:0,(anonymous_12)
FNDA:0,(anonymous_13)
FNDA:0,(anonymous_14)
FNDA:0,(anonymous_15)
FNDA:0,(anonymous_16)
FNDA:0,(anonymous_17)
FNDA:0,(anonymous_18)
FNDA:0,(anonymous_19)
FNDA:0,(anonymous_20)
FNDA:0,(anonymous_21)
FNDA:0,(anonymous_22)
DA:1,0
DA:2,0
DA:7,0
DA:8,0
DA:9,0
DA:61,0
DA:62,0
DA:63,0
DA:64,0
DA:68,0
DA:69,0
DA:82,0
DA:83,0
DA:84,0
DA:85,0
DA:86,0
DA:89,0
DA:92,0
DA:95,0
DA:96,0
DA:98,0
DA:99,0
DA:100,0
DA:101,0
DA:102,0
DA:105,0
DA:106,0
DA:107,0
DA:110,0
DA:112,0
DA:113,0
DA:120,0
DA:121,0
DA:122,0
DA:123,0
DA:124,0
DA:125,0
DA:126,0
DA:130,0
DA:131,0
DA:132,0
DA:133,0
DA:134,0
DA:135,0
DA:136,0
DA:137,0
DA:139,0
DA:144,0
DA:145,0
DA:150,0
DA:153,0
DA:159,0
DA:160,0
DA:164,0
DA:165,0
DA:166,0
DA:167,0
DA:168,0
DA:172,0
DA:173,0
DA:174,0
DA:175,0
DA:176,0
DA:180,0
DA:189,0
DA:190,0
DA:192,0
DA:194,0
DA:195,0
DA:198,0
DA:199,0
DA:200,0
DA:202,0
DA:209,0
DA:210,0
DA:214,0
DA:217,0
DA:226,0
DA:227,0
DA:228,0
DA:229,0
DA:237,0
DA:238,0
DA:243,0
DA:249,0
DA:272,0
DA:273,0
DA:275,0
DA:276,0
DA:277,0
DA:278,0
DA:279,0
DA:282,0
DA:284,0
DA:285,0
DA:288,0
DA:289,0
DA:290,0
DA:291,0
DA:293,0
DA:294,0
DA:295,0
DA:296,0
DA:297,0
DA:314,0
DA:321,0
DA:334,0
DA:335,0
DA:342,0
DA:357,0
DA:358,0
DA:359,0
DA:363,0
DA:367,0
LF:114
LH:0
BRDA:98,0,0,0
BRDA:98,0,1,0
BRDA:100,1,0,0
BRDA:100,1,1,0
BRDA:105,2,0,0
BRDA:105,2,1,0
BRDA:110,3,0,0
BRDA:112,4,0,0
BRDA:112,4,1,0
BRDA:122,5,0,0
BRDA:122,6,0,0
BRDA:122,6,1,0
BRDA:125,7,0,0
BRDA:131,8,0,0
BRDA:131,9,0,0
BRDA:131,9,1,0
BRDA:133,10,0,0
BRDA:133,10,1,0
BRDA:134,11,0,0
BRDA:134,11,1,0
BRDA:135,12,0,0
BRDA:135,12,1,0
BRDA:135,12,2,0
BRDA:136,13,0,0
BRDA:136,13,1,0
BRDA:144,14,0,0
BRDA:146,15,0,0
BRDA:146,15,1,0
BRDA:147,16,0,0
BRDA:147,16,1,0
BRDA:148,17,0,0
BRDA:148,17,1,0
BRDA:150,18,0,0
BRDA:150,18,1,0
BRDA:165,19,0,0
BRDA:173,20,0,0
BRDA:195,21,0,0
BRDA:199,22,0,0
BRDA:199,22,1,0
BRDA:200,23,0,0
BRDA:202,24,0,0
BRDA:203,25,0,0
BRDA:203,25,1,0
BRDA:203,25,2,0
BRDA:203,25,3,0
BRDA:209,26,0,0
BRDA:210,27,0,0
BRDA:214,28,0,0
BRDA:214,28,1,0
BRDA:215,29,0,0
BRDA:215,29,1,0
BRDA:226,30,0,0
BRDA:226,31,0,0
BRDA:226,31,1,0
BRDA:237,32,0,0
BRDA:278,33,0,0
BRDA:285,34,0,0
BRDA:334,35,0,0
BRDA:334,36,0,0
BRDA:334,36,1,0
BRDA:357,37,0,0
BRDA:358,38,0,0
BRDA:367,39,0,0
BRDA:367,39,1,0
BRDA:367,40,0,0
BRDA:367,40,1,0
BRF:66
BRH:0
end_of_record
TN:
SF:src\common\alerts\mitigation-arbitration.types.ts
FNF:0
FNH:0
DA:1,0
DA:126,0
LF:2
LH:0
BRF:0
BRH:0
end_of_record
TN:
SF:src\common\alerts\mitigation-coordination.store.ts
FN:7,(anonymous_4)
FN:8,(anonymous_5)
FN:9,(anonymous_6)
FN:53,(anonymous_7)
FN:58,(anonymous_8)
FN:63,(anonymous_9)
FN:68,(anonymous_10)
FN:72,(anonymous_11)
FN:76,(anonymous_12)
FN:86,(anonymous_13)
FN:96,(anonymous_14)
FN:99,(anonymous_15)
FN:104,(anonymous_16)
FN:105,(anonymous_17)
FN:111,(anonymous_18)
FN:115,(anonymous_19)
FN:121,(anonymous_20)
FN:125,(anonymous_21)
FN:131,(anonymous_22)
FN:142,(anonymous_23)
FN:155,(anonymous_24)
FN:163,(anonymous_25)
FN:173,(anonymous_26)
FNF:23
FNH:0
FNDA:0,(anonymous_4)
FNDA:0,(anonymous_5)
FNDA:0,(anonymous_6)
FNDA:0,(anonymous_7)
FNDA:0,(anonymous_8)
FNDA:0,(anonymous_9)
FNDA:0,(anonymous_10)
FNDA:0,(anonymous_11)
FNDA:0,(anonymous_12)
FNDA:0,(anonymous_13)
FNDA:0,(anonymous_14)
FNDA:0,(anonymous_15)
FNDA:0,(anonymous_16)
FNDA:0,(anonymous_17)
FNDA:0,(anonymous_18)
FNDA:0,(anonymous_19)
FNDA:0,(anonymous_20)
FNDA:0,(anonymous_21)
FNDA:0,(anonymous_22)
FNDA:0,(anonymous_23)
FNDA:0,(anonymous_24)
FNDA:0,(anonymous_25)
FNDA:0,(anonymous_26)
DA:1,0
DA:2,0
DA:6,0
DA:7,0
DA:8,0
DA:9,0
DA:14,0
DA:49,0
DA:50,0
DA:55,0
DA:57,0
DA:58,0
DA:64,0
DA:65,0
DA:69,0
DA:73,0
DA:77,0
DA:78,0
DA:79,0
DA:87,0
DA:88,0
DA:89,0
DA:90,0
DA:92,0
DA:93,0
DA:94,0
DA:96,0
DA:99,0
DA:102,0
DA:103,0
DA:104,0
DA:105,0
DA:112,0
DA:116,0
DA:122,0
DA:126,0
DA:132,0
DA:133,0
DA:135,0
DA:136,0
DA:137,0
DA:138,0
DA:143,0
DA:144,0
DA:146,0
DA:147,0
DA:148,0
DA:149,0
DA:150,0
DA:151,0
DA:156,0
DA:157,0
DA:159,0
DA:164,0
DA:165,0
DA:167,0
DA:168,0
DA:169,0
DA:174,0
DA:175,0
DA:176,0
DA:177,0
DA:178,0
DA:179,0
DA:181,0
LF:65
LH:0
BRDA:78,0,0,0
BRDA:90,1,0,0
BRDA:98,2,0,0
BRDA:98,2,1,0
BRDA:149,3,0,0
BRDA:150,4,0,0
BRF:6
BRH:0
end_of_record
TN:
SF:src\common\alerts\mitigation-leader.service.ts
FN:58,(anonymous_2)
FN:67,(anonymous_3)
FN:90,(anonymous_4)
FN:93,(anonymous_5)
FN:95,(anonymous_6)
FN:102,(anonymous_7)
FN:108,(anonymous_8)
FN:115,(anonymous_9)
FN:133,(anonymous_10)
FN:136,(anonymous_11)
FN:147,(anonymous_12)
FN:149,(anonymous_13)
FN:158,(anonymous_14)
FNF:13
FNH:0
FNDA:0,(anonymous_2)
FNDA:0,(anonymous_3)
FNDA:0,(anonymous_4)
FNDA:0,(anonymous_5)
FNDA:0,(anonymous_6)
FNDA:0,(anonymous_7)
FNDA:0,(anonymous_8)
FNDA:0,(anonymous_9)
FNDA:0,(anonymous_10)
FNDA:0,(anonymous_11)
FNDA:0,(anonymous_12)
FNDA:0,(anonymous_13)
FNDA:0,(anonymous_14)
DA:1,0
DA:2,0
DA:5,0
DA:6,0
DA:7,0
DA:50,0
DA:51,0
DA:54,0
DA:55,0
DA:56,0
DA:58,0
DA:69,0
DA:70,0
DA:71,0
DA:73,0
DA:74,0
DA:78,0
DA:79,0
DA:80,0
DA:81,0
DA:84,0
DA:85,0
DA:90,0
DA:94,0
DA:95,0
DA:97,0
DA:103,0
DA:109,0
DA:110,0
DA:111,0
DA:112,0
DA:116,0
DA:117,0
DA:118,0
DA:119,0
DA:134,0
DA:135,0
DA:136,0
DA:138,0
DA:139,0
DA:140,0
DA:141,0
DA:143,0
DA:148,0
DA:149,0
DA:150,0
DA:151,0
DA:152,0
DA:155,0
DA:159,0
DA:160,0
DA:161,0
LF:52
LH:0
BRDA:69,0,0,0
BRDA:71,1,0,0
BRDA:94,2,0,0
BRDA:135,3,0,0
BRDA:150,4,0,0
BRDA:152,5,0,0
BRDA:159,6,0,0
BRF:7
BRH:0
end_of_record
TN:
SF:src\common\alerts\mitigation-outcome.service.ts
FN:67,(anonymous_4)
FN:71,(anonymous_5)
FN:72,(anonymous_6)
FN:129,(anonymous_7)
FN:131,(anonymous_8)
FN:138,(anonymous_9)
FN:140,(anonymous_10)
FN:141,(anonymous_11)
FN:153,(anonymous_12)
FN:179,(anonymous_13)
FN:181,(anonymous_14)
FN:185,(anonymous_15)
FN:192,(anonymous_16)
FNF:13
FNH:0
FNDA:0,(anonymous_4)
FNDA:0,(anonymous_5)
FNDA:0,(anonymous_6)
FNDA:0,(anonymous_7)
FNDA:0,(anonymous_8)
FNDA:0,(anonymous_9)
FNDA:0,(anonymous_10)
FNDA:0,(anonymous_11)
FNDA:0,(anonymous_12)
FNDA:0,(anonymous_13)
FNDA:0,(anonymous_14)
FNDA:0,(anonymous_15)
FNDA:0,(anonymous_16)
DA:1,0
DA:2,0
DA:3,0
DA:4,0
DA:59,0
DA:60,0
DA:61,0
DA:62,0
DA:65,0
DA:67,0
DA:72,0
DA:73,0
DA:74,0
DA:76,0
DA:78,0
DA:79,0
DA:84,0
DA:85,0
DA:86,0
DA:87,0
DA:90,0
DA:94,0
DA:96,0
DA:111,0
DA:112,0
DA:114,0
DA:120,0
DA:122,0
DA:123,0
DA:129,0
DA:132,0
DA:133,0
DA:134,0
DA:135,0
DA:136,0
DA:138,0
DA:139,0
DA:140,0
DA:141,0
DA:142,0
DA:158,0
DA:159,0
DA:160,0
DA:163,0
DA:167,0
DA:169,0
DA:180,0
DA:181,0
DA:182,0
DA:186,0
DA:187,0
DA:188,0
DA:189,0
DA:193,0
DA:194,0
DA:196,0
DA:197,0
DA:199,0
DA:200,0
DA:202,0
LF:60
LH:0
BRDA:74,0,0,0
BRDA:87,1,0,0
BRDA:87,1,1,0
BRDA:112,2,0,0
BRDA:129,3,0,0
BRDA:135,4,0,0
BRDA:158,5,0,0
BRDA:158,5,1,0
BRDA:160,6,0,0
BRDA:160,6,1,0
BRDA:163,7,0,0
BRDA:163,7,1,0
BRDA:180,8,0,0
BRDA:186,9,0,0
BRDA:187,10,0,0
BRDA:188,11,0,0
BRDA:188,12,0,0
BRDA:188,12,1,0
BRDA:193,13,0,0
BRDA:196,14,0,0
BRDA:199,15,0,0
BRF:21
BRH:0
end_of_record
TN:
SF:src\common\alerts\mitigation-plan-executor.service.ts
FN:67,(anonymous_2)
FN:74,(anonymous_3)
FN:78,(anonymous_4)
FN:82,(anonymous_5)
FN:88,(anonymous_6)
FN:110,(anonymous_7)
FN:120,(anonymous_8)
FN:121,(anonymous_9)
FN:130,(anonymous_10)
FN:141,(anonymous_11)
FN:145,(anonymous_12)
FN:146,(anonymous_13)
FN:149,(anonymous_14)
FN:150,(anonymous_15)
FN:160,(anonymous_16)
FN:172,(anonymous_17)
FN:176,(anonymous_18)
FN:177,(anonymous_19)
FN:185,(anonymous_20)
FN:238,(anonymous_21)
FN:244,(anonymous_22)
FN:258,(anonymous_23)
FN:270,(anonymous_24)
FN:280,(anonymous_25)
FN:283,(anonymous_26)
FN:330,(anonymous_27)
FN:336,(anonymous_28)
FN:357,(anonymous_29)
FN:359,(anonymous_30)
FN:362,(anonymous_31)
FN:372,(anonymous_32)
FN:377,(anonymous_33)
FNF:32
FNH:0
FNDA:0,(anonymous_2)
FNDA:0,(anonymous_3)
FNDA:0,(anonymous_4)
FNDA:0,(anonymous_5)
FNDA:0,(anonymous_6)
FNDA:0,(anonymous_7)
FNDA:0,(anonymous_8)
FNDA:0,(anonymous_9)
FNDA:0,(anonymous_10)
FNDA:0,(anonymous_11)
FNDA:0,(anonymous_12)
FNDA:0,(anonymous_13)
FNDA:0,(anonymous_14)
FNDA:0,(anonymous_15)
FNDA:0,(anonymous_16)
FNDA:0,(anonymous_17)
FNDA:0,(anonymous_18)
FNDA:0,(anonymous_19)
FNDA:0,(anonymous_20)
FNDA:0,(anonymous_21)
FNDA:0,(anonymous_22)
FNDA:0,(anonymous_23)
FNDA:0,(anonymous_24)
FNDA:0,(anonymous_25)
FNDA:0,(anonymous_26)
FNDA:0,(anonymous_27)
FNDA:0,(anonymous_28)
FNDA:0,(anonymous_29)
FNDA:0,(anonymous_30)
FNDA:0,(anonymous_31)
FNDA:0,(anonymous_32)
FNDA:0,(anonymous_33)
DA:1,0
DA:2,0
DA:6,0
DA:8,0
DA:9,0
DA:11,0
DA:12,0
DA:57,0
DA:58,0
DA:59,0
DA:60,0
DA:68,0
DA:69,0
DA:75,0
DA:79,0
DA:83,0
DA:94,0
DA:95,0
DA:97,0
DA:98,0
DA:100,0
DA:110,0
DA:118,0
DA:119,0
DA:120,0
DA:121,0
DA:122,0
DA:125,0
DA:126,0
DA:127,0
DA:131,0
DA:132,0
DA:133,0
DA:134,0
DA:135,0
DA:137,0
DA:138,0
DA:142,0
DA:146,0
DA:150,0
DA:161,0
DA:162,0
DA:164,0
DA:165,0
DA:166,0
DA:167,0
DA:169,0
DA:170,0
DA:172,0
DA:173,0
DA:176,0
DA:177,0
DA:178,0
DA:181,0
DA:184,0
DA:185,0
DA:186,0
DA:189,0
DA:190,0
DA:192,0
DA:193,0
DA:194,0
DA:195,0
DA:196,0
DA:198,0
DA:199,0
DA:202,0
DA:203,0
DA:208,0
DA:227,0
DA:231,0
DA:239,0
DA:240,0
DA:241,0
DA:242,0
DA:243,0
DA:244,0
DA:245,0
DA:247,0
DA:248,0
DA:249,0
DA:250,0
DA:259,0
DA:261,0
DA:262,0
DA:263,0
DA:264,0
DA:276,0
DA:277,0
DA:278,0
DA:280,0
DA:281,0
DA:283,0
DA:285,0
DA:286,0
DA:289,0
DA:291,0
DA:293,0
DA:294,0
DA:295,0
DA:297,0
DA:298,0
DA:299,0
DA:300,0
DA:301,0
DA:306,0
DA:307,0
DA:308,0
DA:309,0
DA:313,0
DA:314,0
DA:315,0
DA:317,0
DA:318,0
DA:319,0
DA:320,0
DA:322,0
DA:327,0
DA:331,0
DA:332,0
DA:333,0
DA:342,0
DA:343,0
DA:344,0
DA:345,0
DA:347,0
DA:348,0
DA:349,0
DA:351,0
DA:352,0
DA:358,0
DA:359,0
DA:360,0
DA:362,0
DA:363,0
DA:364,0
DA:365,0
DA:366,0
DA:367,0
DA:369,0
DA:373,0
DA:374,0
DA:378,0
LF:143
LH:0
BRDA:95,0,0,0
BRDA:109,1,0,0
BRDA:109,1,1,0
BRDA:118,2,0,0
BRDA:122,3,0,0
BRDA:130,4,0,0
BRDA:132,5,0,0
BRDA:132,6,0,0
BRDA:132,6,1,0
BRDA:146,7,0,0
BRDA:146,7,1,0
BRDA:165,8,0,0
BRDA:167,9,0,0
BRDA:170,10,0,0
BRDA:173,11,0,0
BRDA:181,12,0,0
BRDA:186,13,0,0
BRDA:190,14,0,0
BRDA:192,15,0,0
BRDA:192,15,1,0
BRDA:194,16,0,0
BRDA:194,16,1,0
BRDA:194,17,0,0
BRDA:194,17,1,0
BRDA:240,18,0,0
BRDA:243,19,0,0
BRDA:245,20,0,0
BRDA:263,21,0,0
BRDA:277,22,0,0
BRDA:277,23,0,0
BRDA:277,23,1,0
BRDA:277,23,2,0
BRDA:277,23,3,0
BRDA:281,24,0,0
BRDA:285,25,0,0
BRDA:286,26,0,0
BRDA:286,26,1,0
BRDA:289,27,0,0
BRDA:293,28,0,0
BRDA:293,28,1,0
BRDA:295,29,0,0
BRDA:295,30,0,0
BRDA:295,30,1,0
BRDA:297,31,0,0
BRDA:300,32,0,0
BRDA:306,33,0,0
BRDA:306,33,1,0
BRDA:307,34,0,0
BRDA:307,34,1,0
BRDA:308,35,0,0
BRDA:313,36,0,0
BRDA:317,37,0,0
BRDA:317,38,0,0
BRDA:317,38,1,0
BRDA:318,39,0,0
BRDA:318,40,0,0
BRDA:318,40,1,0
BRDA:319,41,0,0
BRDA:319,42,0,0
BRDA:319,42,1,0
BRDA:319,42,2,0
BRDA:320,43,0,0
BRDA:320,44,0,0
BRDA:320,44,1,0
BRDA:322,45,0,0
BRDA:347,46,0,0
BRDA:352,47,0,0
BRDA:360,48,0,0
BRDA:363,49,0,0
BRDA:363,49,1,0
BRDA:374,50,0,0
BRF:71
BRH:0
end_of_record
TN:
SF:src\common\alerts\mitigation-plan-library.ts
FNF:0
FNH:0
DA:35,0
DA:102,0
DA:159,0
DA:213,0
LF:4
LH:0
BRF:0
BRH:0
end_of_record
TN:
SF:src\common\alerts\mitigation-policy-engine.service.ts
FN:223,(anonymous_2)
FN:220,(anonymous_3)
FN:227,(anonymous_4)
FN:229,(anonymous_5)
FN:234,(anonymous_6)
FN:235,(anonymous_7)
FN:252,(anonymous_8)
FN:254,(anonymous_9)
FN:274,(anonymous_10)
FN:276,(anonymous_11)
FN:278,(anonymous_12)
FN:283,(anonymous_13)
FN:291,(anonymous_14)
FN:301,(anonymous_15)
FN:326,(anonymous_16)
FN:332,(anonymous_17)
FN:355,(anonymous_18)
FN:365,(anonymous_19)
FN:372,(anonymous_20)
FN:373,(anonymous_21)
FN:374,(anonymous_22)
FNF:21
FNH:0
FNDA:0,(anonymous_2)
FNDA:0,(anonymous_3)
FNDA:0,(anonymous_4)
FNDA:0,(anonymous_5)
FNDA:0,(anonymous_6)
FNDA:0,(anonymous_7)
FNDA:0,(anonymous_8)
FNDA:0,(anonymous_9)
FNDA:0,(anonymous_10)
FNDA:0,(anonymous_11)
FNDA:0,(anonymous_12)
FNDA:0,(anonymous_13)
FNDA:0,(anonymous_14)
FNDA:0,(anonymous_15)
FNDA:0,(anonymous_16)
FNDA:0,(anonymous_17)
FNDA:0,(anonymous_18)
FNDA:0,(anonymous_19)
FNDA:0,(anonymous_20)
FNDA:0,(anonymous_21)
FNDA:0,(anonymous_22)
DA:1,0
DA:7,0
DA:93,0
DA:217,0
DA:218,0
DA:219,0
DA:220,0
DA:223,0
DA:228,0
DA:229,0
DA:232,0
DA:233,0
DA:234,0
DA:235,0
DA:237,0
DA:238,0
DA:239,0
DA:240,0
DA:241,0
DA:245,0
DA:253,0
DA:254,0
DA:255,0
DA:257,0
DA:259,0
DA:274,0
DA:276,0
DA:279,0
DA:280,0
DA:284,0
DA:285,0
DA:286,0
DA:287,0
DA:288,0
DA:292,0
DA:293,0
DA:294,0
DA:295,0
DA:296,0
DA:302,0
DA:304,0
DA:305,0
DA:306,0
DA:308,0
DA:309,0
DA:313,0
DA:314,0
DA:315,0
DA:316,0
DA:317,0
DA:321,0
DA:325,0
DA:326,0
DA:329,0
DA:337,0
DA:338,0
DA:340,0
DA:341,0
DA:342,0
DA:343,0
DA:344,0
DA:345,0
DA:346,0
DA:350,0
DA:356,0
DA:357,0
DA:358,0
DA:359,0
DA:360,0
DA:361,0
DA:366,0
DA:367,0
DA:368,0
DA:369,0
DA:371,0
DA:372,0
DA:373,0
DA:374,0
LF:78
LH:0
BRDA:239,0,0,0
BRDA:252,1,0,0
BRDA:285,2,0,0
BRDA:293,3,0,0
BRDA:306,4,0,0
BRDA:308,5,0,0
BRDA:314,6,0,0
BRDA:316,7,0,0
BRDA:316,8,0,0
BRDA:316,8,1,0
BRDA:340,9,0,0
BRDA:340,9,1,0
BRDA:340,9,2,0
BRDA:340,9,3,0
BRDA:340,9,4,0
BRDA:340,9,5,0
BRDA:340,9,6,0
BRDA:341,10,0,0
BRDA:341,10,1,0
BRDA:342,11,0,0
BRDA:342,11,1,0
BRDA:343,12,0,0
BRDA:343,12,1,0
BRDA:344,13,0,0
BRDA:344,13,1,0
BRDA:345,14,0,0
BRDA:345,14,1,0
BRDA:346,15,0,0
BRDA:346,15,1,0
BRDA:356,16,0,0
BRDA:356,16,1,0
BRDA:356,16,2,0
BRDA:356,16,3,0
BRDA:356,16,4,0
BRDA:372,17,0,0
BRDA:372,17,1,0
BRDA:373,18,0,0
BRDA:373,18,1,0
BRDA:374,19,0,0
BRDA:374,19,1,0
BRF:40
BRH:0
end_of_record
TN:
SF:src\common\alerts\mitigation-scheduler.service.ts
FN:61,(anonymous_1)
FN:75,(anonymous_2)
FN:77,(anonymous_3)
FN:122,(anonymous_4)
FN:159,(anonymous_5)
FN:176,(anonymous_6)
FN:177,(anonymous_7)
FN:187,(anonymous_8)
FN:188,(anonymous_9)
FN:197,(anonymous_10)
FN:201,(anonymous_11)
FN:205,(anonymous_12)
FN:206,(anonymous_13)
FN:210,(anonymous_14)
FN:235,(anonymous_15)
FN:254,(anonymous_16)
FN:261,(anonymous_17)
FN:270,(anonymous_18)
FN:292,(anonymous_19)
FN:311,computeBackoffNextEligible
FN:330,computeAgingBoost
FNF:21
FNH:0
FNDA:0,(anonymous_1)
FNDA:0,(anonymous_2)
FNDA:0,(anonymous_3)
FNDA:0,(anonymous_4)
FNDA:0,(anonymous_5)
FNDA:0,(anonymous_6)
FNDA:0,(anonymous_7)
FNDA:0,(anonymous_8)
FNDA:0,(anonymous_9)
FNDA:0,(anonymous_10)
FNDA:0,(anonymous_11)
FNDA:0,(anonymous_12)
FNDA:0,(anonymous_13)
FNDA:0,(anonymous_14)
FNDA:0,(anonymous_15)
FNDA:0,(anonymous_16)
FNDA:0,(anonymous_17)
FNDA:0,(anonymous_18)
FNDA:0,(anonymous_19)
FNDA:0,computeBackoffNextEligible
FNDA:0,computeAgingBoost
DA:1,0
DA:2,0
DA:10,0
DA:12,0
DA:13,0
DA:14,0
DA:15,0
DA:61,0
DA:62,0
DA:63,0
DA:64,0
DA:77,0
DA:78,0
DA:79,0
DA:80,0
DA:81,0
DA:84,0
DA:85,0
DA:86,0
DA:89,0
DA:93,0
DA:102,0
DA:103,0
DA:107,0
DA:126,0
DA:128,0
DA:129,0
DA:130,0
DA:131,0
DA:133,0
DA:134,0
DA:135,0
DA:136,0
DA:138,0
DA:139,0
DA:140,0
DA:141,0
DA:145,0
DA:146,0
DA:147,0
DA:153,0
DA:158,0
DA:159,0
DA:160,0
DA:163,0
DA:164,0
DA:167,0
DA:177,0
DA:178,0
DA:179,0
DA:180,0
DA:181,0
DA:188,0
DA:189,0
DA:190,0
DA:191,0
DA:192,0
DA:198,0
DA:202,0
DA:206,0
DA:218,0
DA:219,0
DA:220,0
DA:221,0
DA:223,0
DA:224,0
DA:225,0
DA:226,0
DA:227,0
DA:230,0
DA:242,0
DA:243,0
DA:244,0
DA:247,0
DA:248,0
DA:250,0
DA:253,0
DA:254,0
DA:255,0
DA:256,0
DA:258,0
DA:260,0
DA:261,0
DA:263,0
DA:265,0
DA:269,0
DA:270,0
DA:271,0
DA:272,0
DA:276,0
DA:277,0
DA:278,0
DA:280,0
DA:284,0
DA:285,0
DA:289,0
DA:290,0
DA:292,0
DA:294,0
DA:295,0
DA:297,0
DA:301,0
DA:311,0
DA:312,0
DA:313,0
DA:330,0
DA:331,0
DA:332,0
LF:108
LH:0
BRDA:78,0,0,0
BRDA:84,1,0,0
BRDA:89,2,0,0
BRDA:89,2,1,0
BRDA:126,3,0,0
BRDA:138,4,0,0
BRDA:138,4,1,0
BRDA:145,5,0,0
BRDA:145,5,1,0
BRDA:160,6,0,0
BRDA:163,7,0,0
BRDA:176,8,0,0
BRDA:178,9,0,0
BRDA:178,10,0,0
BRDA:178,10,1,0
BRDA:187,11,0,0
BRDA:189,12,0,0
BRDA:224,13,0,0
BRDA:224,13,1,0
BRDA:225,14,0,0
BRDA:226,15,0,0
BRDA:227,16,0,0
BRDA:242,17,0,0
BRDA:250,18,0,0
BRDA:250,18,1,0
BRDA:250,18,2,0
BRDA:250,18,3,0
BRDA:250,18,4,0
BRDA:253,19,0,0
BRDA:253,19,1,0
BRDA:255,20,0,0
BRDA:255,21,0,0
BRDA:255,21,1,0
BRDA:258,22,0,0
BRDA:261,23,0,0
BRDA:261,23,1,0
BRDA:263,24,0,0
BRDA:269,25,0,0
BRDA:271,26,0,0
BRDA:276,27,0,0
BRDA:277,28,0,0
BRDA:284,29,0,0
BRDA:289,30,0,0
BRDA:294,31,0,0
BRDA:294,32,0,0
BRDA:294,32,1,0
BRF:46
BRH:0
end_of_record
TN:
SF:src\common\alerts\mitigation-signal.service.ts
FN:53,(anonymous_4)
FN:67,(anonymous_5)
FN:93,(anonymous_6)
FN:104,(anonymous_7)
FN:155,(anonymous_8)
FN:156,(anonymous_9)
FN:157,(anonymous_10)
FN:160,(anonymous_11)
FN:161,(anonymous_12)
FN:162,(anonymous_13)
FN:163,(anonymous_14)
FN:164,(anonymous_15)
FN:165,(anonymous_16)
FN:166,(anonymous_17)
FN:169,(anonymous_18)
FN:170,(anonymous_19)
FN:182,(anonymous_20)
FN:186,(anonymous_21)
FN:211,(anonymous_22)
FN:226,(anonymous_23)
FN:241,(anonymous_24)
FN:256,(anonymous_25)
FN:257,(anonymous_26)
FN:257,(anonymous_27)
FN:259,(anonymous_28)
FN:263,(anonymous_29)
FN:278,(anonymous_30)
FN:288,(anonymous_31)
FN:288,(anonymous_32)
FN:290,(anonymous_33)
FN:301,(anonymous_34)
FNF:31
FNH:0
FNDA:0,(anonymous_4)
FNDA:0,(anonymous_5)
FNDA:0,(anonymous_6)
FNDA:0,(anonymous_7)
FNDA:0,(anonymous_8)
FNDA:0,(anonymous_9)
FNDA:0,(anonymous_10)
FNDA:0,(anonymous_11)
FNDA:0,(anonymous_12)
FNDA:0,(anonymous_13)
FNDA:0,(anonymous_14)
FNDA:0,(anonymous_15)
FNDA:0,(anonymous_16)
FNDA:0,(anonymous_17)
FNDA:0,(anonymous_18)
FNDA:0,(anonymous_19)
FNDA:0,(anonymous_20)
FNDA:0,(anonymous_21)
FNDA:0,(anonymous_22)
FNDA:0,(anonymous_23)
FNDA:0,(anonymous_24)
FNDA:0,(anonymous_25)
FNDA:0,(anonymous_26)
FNDA:0,(anonymous_27)
FNDA:0,(anonymous_28)
FNDA:0,(anonymous_29)
FNDA:0,(anonymous_30)
FNDA:0,(anonymous_31)
FNDA:0,(anonymous_32)
FNDA:0,(anonymous_33)
FNDA:0,(anonymous_34)
DA:1,0
DA:2,0
DA:3,0
DA:4,0
DA:5,0
DA:10,0
DA:11,0
DA:12,0
DA:14,0
DA:15,0
DA:16,0
DA:17,0
DA:18,0
DA:20,0
DA:21,0
DA:23,0
DA:48,0
DA:49,0
DA:50,0
DA:51,0
DA:54,0
DA:55,0
DA:56,0
DA:57,0
DA:58,0
DA:59,0
DA:60,0
DA:61,0
DA:62,0
DA:68,0
DA:69,0
DA:72,0
DA:77,0
DA:80,0
DA:81,0
DA:84,0
DA:86,0
DA:87,0
DA:91,0
DA:92,0
DA:93,0
DA:94,0
DA:95,0
DA:97,0
DA:104,0
DA:107,0
DA:109,0
DA:110,0
DA:111,0
DA:113,0
DA:114,0
DA:115,0
DA:117,0
DA:118,0
DA:122,0
DA:123,0
DA:124,0
DA:127,0
DA:129,0
DA:130,0
DA:132,0
DA:133,0
DA:134,0
DA:136,0
DA:137,0
DA:141,0
DA:142,0
DA:146,0
DA:147,0
DA:149,0
DA:155,0
DA:156,0
DA:157,0
DA:160,0
DA:161,0
DA:162,0
DA:163,0
DA:164,0
DA:165,0
DA:166,0
DA:170,0
DA:183,0
DA:187,0
DA:188,0
DA:189,0
DA:190,0
DA:192,0
DA:193,0
DA:194,0
DA:201,0
DA:203,0
DA:207,0
DA:208,0
DA:212,0
DA:213,0
DA:215,0
DA:216,0
DA:218,0
DA:219,0
DA:220,0
DA:221,0
DA:223,0
DA:227,0
DA:228,0
DA:229,0
DA:232,0
DA:233,0
DA:236,0
DA:238,0
DA:242,0
DA:243,0
DA:244,0
DA:247,0
DA:249,0
DA:250,0
DA:251,0
DA:256,0
DA:257,0
DA:259,0
DA:264,0
DA:265,0
DA:266,0
DA:267,0
DA:268,0
DA:269,0
DA:271,0
DA:272,0
DA:273,0
DA:274,0
DA:275,0
DA:279,0
DA:285,0
DA:288,0
DA:291,0
DA:292,0
DA:302,0
DA:303,0
LF:137
LH:0
BRDA:86,0,0,0
BRDA:91,1,0,0
BRDA:94,2,0,0
BRDA:94,2,1,0
BRDA:113,3,0,0
BRDA:117,4,0,0
BRDA:122,5,0,0
BRDA:129,6,0,0
BRDA:136,7,0,0
BRDA:136,8,0,0
BRDA:136,8,1,0
BRDA:141,9,0,0
BRDA:146,10,0,0
BRDA:157,11,0,0
BRDA:182,12,0,0
BRDA:186,13,0,0
BRDA:188,14,0,0
BRDA:190,15,0,0
BRDA:192,16,0,0
BRDA:211,17,0,0
BRDA:211,18,0,0
BRDA:213,19,0,0
BRDA:219,20,0,0
BRDA:221,21,0,0
BRDA:226,22,0,0
BRDA:226,23,0,0
BRDA:228,24,0,0
BRDA:241,25,0,0
BRDA:243,26,0,0
BRDA:250,27,0,0
BRDA:256,28,0,0
BRDA:265,29,0,0
BRDA:267,30,0,0
BRDA:285,31,0,0
BRDA:285,31,1,0
BRDA:303,32,0,0
BRF:36
BRH:0
end_of_record
TN:
SF:src\common\alerts\operational-knowledge-graph.service.ts
FN:86,(anonymous_1)
FN:97,(anonymous_2)
FN:102,(anonymous_3)
FN:116,(anonymous_4)
FN:160,(anonymous_5)
FN:168,(anonymous_6)
FN:175,(anonymous_7)
FN:177,(anonymous_8)
FN:178,(anonymous_9)
FN:186,(anonymous_10)
FN:202,(anonymous_11)
FN:212,(anonymous_12)
FN:222,(anonymous_13)
FN:251,(anonymous_14)
FN:267,(anonymous_15)
FN:269,(anonymous_16)
FNF:16
FNH:0
FNDA:0,(anonymous_1)
FNDA:0,(anonymous_2)
FNDA:0,(anonymous_3)
FNDA:0,(anonymous_4)
FNDA:0,(anonymous_5)
FNDA:0,(anonymous_6)
FNDA:0,(anonymous_7)
FNDA:0,(anonymous_8)
FNDA:0,(anonymous_9)
FNDA:0,(anonymous_10)
FNDA:0,(anonymous_11)
FNDA:0,(anonymous_12)
FNDA:0,(anonymous_13)
FNDA:0,(anonymous_14)
FNDA:0,(anonymous_15)
FNDA:0,(anonymous_16)
DA:1,0
DA:86,0
DA:87,0
DA:88,0
DA:90,0
DA:91,0
DA:92,0
DA:93,0
DA:98,0
DA:99,0
DA:103,0
DA:104,0
DA:106,0
DA:108,0
DA:109,0
DA:111,0
DA:112,0
DA:122,0
DA:130,0
DA:131,0
DA:141,0
DA:142,0
DA:143,0
DA:161,0
DA:169,0
DA:176,0
DA:177,0
DA:178,0
DA:179,0
DA:187,0
DA:188,0
DA:190,0
DA:191,0
DA:192,0
DA:193,0
DA:195,0
DA:196,0
DA:197,0
DA:198,0
DA:202,0
DA:203,0
DA:204,0
DA:205,0
DA:207,0
DA:213,0
DA:214,0
DA:215,0
DA:217,0
DA:223,0
DA:224,0
DA:225,0
DA:226,0
DA:227,0
DA:228,0
DA:230,0
DA:231,0
DA:232,0
DA:233,0
DA:234,0
DA:236,0
DA:237,0
DA:239,0
DA:243,0
DA:244,0
DA:245,0
DA:247,0
DA:248,0
DA:251,0
DA:252,0
DA:259,0
DA:269,0
DA:270,0
DA:271,0
DA:272,0
DA:273,0
DA:274,0
DA:276,0
DA:277,0
DA:280,0
LF:79
LH:0
BRDA:98,0,0,0
BRDA:104,1,0,0
BRDA:108,2,0,0
BRDA:109,3,0,0
BRDA:132,4,0,0
BRDA:132,4,1,0
BRDA:142,5,0,0
BRDA:147,6,0,0
BRDA:147,6,1,0
BRDA:160,7,0,0
BRDA:168,8,0,0
BRDA:176,9,0,0
BRDA:176,9,1,0
BRDA:177,10,0,0
BRDA:177,10,1,0
BRDA:178,11,0,0
BRDA:178,11,1,0
BRDA:186,12,0,0
BRDA:192,13,0,0
BRDA:192,14,0,0
BRDA:192,14,1,0
BRDA:195,15,0,0
BRDA:195,15,1,0
BRDA:196,16,0,0
BRDA:196,16,1,0
BRDA:198,17,0,0
BRDA:205,18,0,0
BRDA:205,19,0,0
BRDA:205,19,1,0
BRDA:215,20,0,0
BRDA:215,20,1,0
BRDA:223,21,0,0
BRDA:223,21,1,0
BRDA:232,22,0,0
BRDA:232,23,0,0
BRDA:232,23,1,0
BRDA:237,24,0,0
BRDA:239,25,0,0
BRDA:239,25,1,0
BRDA:240,26,0,0
BRDA:240,26,1,0
BRDA:241,27,0,0
BRDA:241,27,1,0
BRDA:244,28,0,0
BRDA:248,29,0,0
BRDA:248,29,1,0
BRDA:249,30,0,0
BRDA:249,30,1,0
BRDA:250,31,0,0
BRDA:250,31,1,0
BRDA:251,32,0,0
BRDA:251,33,0,0
BRDA:251,33,1,0
BRDA:251,34,0,0
BRDA:251,34,1,0
BRDA:277,35,0,0
BRDA:277,36,0,0
BRDA:277,36,1,0
BRF:58
BRH:0
end_of_record
TN:
SF:src\common\alerts\persistent-graph.service.ts
FN:38,(anonymous_2)
FN:49,(anonymous_3)
FN:51,(anonymous_4)
FN:55,(anonymous_5)
FN:65,(anonymous_6)
FN:71,(anonymous_7)
FN:73,(anonymous_8)
FN:77,(anonymous_9)
FN:82,(anonymous_10)
FN:90,(anonymous_11)
FN:108,(anonymous_12)
FN:112,(anonymous_13)
FN:121,(anonymous_14)
FN:174,(anonymous_15)
FN:187,(anonymous_16)
FN:189,(anonymous_17)
FN:200,(anonymous_18)
FN:209,(anonymous_19)
FN:211,(anonymous_20)
FN:221,(anonymous_21)
FN:225,(anonymous_22)
FN:226,(anonymous_23)
FN:226,(anonymous_24)
FN:227,(anonymous_25)
FNF:24
FNH:0
FNDA:0,(anonymous_2)
FNDA:0,(anonymous_3)
FNDA:0,(anonymous_4)
FNDA:0,(anonymous_5)
FNDA:0,(anonymous_6)
FNDA:0,(anonymous_7)
FNDA:0,(anonymous_8)
FNDA:0,(anonymous_9)
FNDA:0,(anonymous_10)
FNDA:0,(anonymous_11)
FNDA:0,(anonymous_12)
FNDA:0,(anonymous_13)
FNDA:0,(anonymous_14)
FNDA:0,(anonymous_15)
FNDA:0,(anonymous_16)
FNDA:0,(anonymous_17)
FNDA:0,(anonymous_18)
FNDA:0,(anonymous_19)
FNDA:0,(anonymous_20)
FNDA:0,(anonymous_21)
FNDA:0,(anonymous_22)
FNDA:0,(anonymous_23)
FNDA:0,(anonymous_24)
FNDA:0,(anonymous_25)
DA:1,0
DA:2,0
DA:3,0
DA:35,0
DA:36,0
DA:39,0
DA:40,0
DA:50,0
DA:51,0
DA:52,0
DA:53,0
DA:55,0
DA:60,0
DA:65,0
DA:72,0
DA:73,0
DA:74,0
DA:75,0
DA:77,0
DA:78,0
DA:82,0
DA:96,0
DA:97,0
DA:100,0
DA:102,0
DA:108,0
DA:112,0
DA:122,0
DA:123,0
DA:130,0
DA:131,0
DA:132,0
DA:134,0
DA:138,0
DA:139,0
DA:143,0
DA:144,0
DA:153,0
DA:154,0
DA:163,0
DA:165,0
DA:175,0
DA:187,0
DA:189,0
DA:201,0
DA:209,0
DA:211,0
DA:222,0
DA:223,0
DA:225,0
DA:226,0
DA:227,0
LF:52
LH:0
BRDA:50,0,0,0
BRDA:57,1,0,0
BRDA:57,1,1,0
BRDA:57,2,0,0
BRDA:57,2,1,0
BRDA:57,3,0,0
BRDA:57,3,1,0
BRDA:58,4,0,0
BRDA:58,4,1,0
BRDA:72,5,0,0
BRDA:121,6,0,0
BRDA:132,7,0,0
BRDA:139,8,0,0
BRDA:139,8,1,0
BRDA:150,9,0,0
BRDA:150,9,1,0
BRDA:200,10,0,0
BRDA:222,11,0,0
BRF:18
BRH:0
end_of_record
TN:
SF:src\common\alerts\persistent-policy-registry.service.ts
FN:47,(anonymous_2)
FN:54,(anonymous_3)
FN:62,(anonymous_4)
FN:115,(anonymous_5)
FN:123,(anonymous_6)
FN:131,(anonymous_7)
FN:138,(anonymous_8)
FN:145,(anonymous_9)
FN:155,(anonymous_10)
FN:160,(anonymous_11)
FN:164,(anonymous_12)
FN:167,(anonymous_13)
FN:171,(anonymous_14)
FN:174,(anonymous_15)
FN:182,(anonymous_16)
FN:184,(anonymous_17)
FN:194,(anonymous_18)
FNF:17
FNH:0
FNDA:0,(anonymous_2)
FNDA:0,(anonymous_3)
FNDA:0,(anonymous_4)
FNDA:0,(anonymous_5)
FNDA:0,(anonymous_6)
FNDA:0,(anonymous_7)
FNDA:0,(anonymous_8)
FNDA:0,(anonymous_9)
FNDA:0,(anonymous_10)
FNDA:0,(anonymous_11)
FNDA:0,(anonymous_12)
FNDA:0,(anonymous_13)
FNDA:0,(anonymous_14)
FNDA:0,(anonymous_15)
FNDA:0,(anonymous_16)
FNDA:0,(anonymous_17)
FNDA:0,(anonymous_18)
DA:1,0
DA:3,0
DA:5,0
DA:44,0
DA:45,0
DA:48,0
DA:49,0
DA:55,0
DA:63,0
DA:65,0
DA:66,0
DA:83,0
DA:87,0
DA:88,0
DA:104,0
DA:107,0
DA:109,0
DA:116,0
DA:117,0
DA:118,0
DA:119,0
DA:120,0
DA:124,0
DA:125,0
DA:126,0
DA:127,0
DA:128,0
DA:132,0
DA:133,0
DA:134,0
DA:135,0
DA:136,0
DA:138,0
DA:139,0
DA:140,0
DA:151,0
DA:155,0
DA:161,0
DA:164,0
DA:168,0
DA:171,0
DA:175,0
DA:182,0
DA:184,0
DA:185,0
DA:195,0
DA:196,0
DA:203,0
DA:204,0
DA:205,0
DA:211,0
LF:51
LH:0
BRDA:74,0,0,0
BRDA:74,0,1,0
BRDA:76,1,0,0
BRDA:76,1,1,0
BRDA:78,2,0,0
BRDA:78,2,1,0
BRDA:92,3,0,0
BRDA:92,3,1,0
BRDA:94,4,0,0
BRDA:94,4,1,0
BRDA:101,5,0,0
BRDA:101,5,1,0
BRDA:117,6,0,0
BRDA:125,7,0,0
BRDA:133,8,0,0
BRDA:148,9,0,0
BRDA:149,10,0,0
BRDA:167,11,0,0
BRDA:186,12,0,0
BRDA:186,12,1,0
BRDA:187,13,0,0
BRDA:187,13,1,0
BRDA:188,14,0,0
BRDA:188,14,1,0
BRDA:204,15,0,0
BRDA:208,16,0,0
BRDA:208,16,1,0
BRDA:208,17,0,0
BRDA:208,17,1,0
BRF:29
BRH:0
end_of_record
TN:
SF:src\common\alerts\policy-simulation-engine.service.ts
FN:76,(anonymous_2)
FN:87,(anonymous_3)
FN:149,(anonymous_4)
FN:152,(anonymous_5)
FN:157,(anonymous_6)
FN:158,(anonymous_7)
FN:160,(anonymous_8)
FN:185,(anonymous_9)
FN:199,(anonymous_10)
FN:201,(anonymous_11)
FN:234,(anonymous_12)
FN:239,(anonymous_13)
FN:242,(anonymous_14)
FN:246,(anonymous_15)
FN:251,(anonymous_16)
FN:252,(anonymous_17)
FN:259,(anonymous_18)
FNF:17
FNH:0
FNDA:0,(anonymous_2)
FNDA:0,(anonymous_3)
FNDA:0,(anonymous_4)
FNDA:0,(anonymous_5)
FNDA:0,(anonymous_6)
FNDA:0,(anonymous_7)
FNDA:0,(anonymous_8)
FNDA:0,(anonymous_9)
FNDA:0,(anonymous_10)
FNDA:0,(anonymous_11)
FNDA:0,(anonymous_12)
FNDA:0,(anonymous_13)
FNDA:0,(anonymous_14)
FNDA:0,(anonymous_15)
FNDA:0,(anonymous_16)
FNDA:0,(anonymous_17)
FNDA:0,(anonymous_18)
DA:1,0
DA:2,0
DA:4,0
DA:5,0
DA:37,0
DA:38,0
DA:73,0
DA:74,0
DA:77,0
DA:78,0
DA:79,0
DA:88,0
DA:89,0
DA:90,0
DA:91,0
DA:94,0
DA:95,0
DA:98,0
DA:99,0
DA:100,0
DA:101,0
DA:105,0
DA:106,0
DA:107,0
DA:108,0
DA:111,0
DA:113,0
DA:115,0
DA:117,0
DA:118,0
DA:121,0
DA:122,0
DA:123,0
DA:126,0
DA:127,0
DA:130,0
DA:131,0
DA:132,0
DA:133,0
DA:139,0
DA:142,0
DA:146,0
DA:149,0
DA:150,0
DA:151,0
DA:152,0
DA:155,0
DA:156,0
DA:157,0
DA:158,0
DA:161,0
DA:165,0
DA:166,0
DA:168,0
DA:187,0
DA:199,0
DA:201,0
DA:202,0
DA:203,0
DA:204,0
DA:208,0
DA:210,0
DA:226,0
DA:235,0
DA:236,0
DA:237,0
DA:239,0
DA:243,0
DA:245,0
DA:246,0
DA:248,0
DA:249,0
DA:251,0
DA:252,0
DA:254,0
DA:256,0
DA:260,0
LF:77
LH:0
BRDA:87,0,0,0
BRDA:89,1,0,0
BRDA:99,2,0,0
BRDA:117,3,0,0
BRDA:121,4,0,0
BRDA:121,5,0,0
BRDA:121,5,1,0
BRDA:133,6,0,0
BRDA:133,6,1,0
BRDA:139,7,0,0
BRDA:139,7,1,0
BRDA:146,8,0,0
BRDA:146,8,1,0
BRDA:146,9,0,0
BRDA:146,9,1,0
BRDA:160,10,0,0
BRDA:160,10,1,0
BRDA:204,11,0,0
BRDA:204,11,1,0
BRDA:221,12,0,0
BRDA:221,12,1,0
BRDA:243,13,0,0
BRDA:246,14,0,0
BRDA:246,14,1,0
BRDA:246,14,2,0
BRDA:254,15,0,0
BRF:26
BRH:0
end_of_record
TN:
SF:src\common\alerts\regulator-explainability.service.ts
FN:25,(anonymous_1)
FN:63,(anonymous_2)
FNF:2
FNH:0
FNDA:0,(anonymous_1)
FNDA:0,(anonymous_2)
DA:1,0
DA:2,0
DA:23,0
DA:34,0
DA:36,0
DA:37,0
DA:38,0
DA:39,0
DA:40,0
DA:41,0
DA:42,0
DA:43,0
DA:45,0
DA:48,0
DA:50,0
DA:64,0
DA:65,0
DA:66,0
DA:67,0
LF:19
LH:0
BRDA:36,0,0,0
BRDA:36,0,1,0
BRDA:38,1,0,0
BRDA:38,1,1,0
BRDA:40,2,0,0
BRDA:40,2,1,0
BRDA:42,3,0,0
BRDA:42,3,1,0
BRDA:64,4,0,0
BRDA:65,5,0,0
BRDA:66,6,0,0
BRF:11
BRH:0
end_of_record
TN:
SF:src\common\alerts\remediation-confidence.service.ts
FN:77,(anonymous_2)
FN:85,(anonymous_3)
FN:87,(anonymous_4)
FN:91,(anonymous_5)
FN:92,(anonymous_6)
FN:102,(anonymous_7)
FN:103,(anonymous_8)
FN:104,(anonymous_9)
FN:120,(anonymous_10)
FN:123,(anonymous_11)
FN:124,(anonymous_12)
FN:125,(anonymous_13)
FN:133,(anonymous_14)
FN:135,(anonymous_15)
FN:136,(anonymous_16)
FN:143,(anonymous_17)
FN:156,(anonymous_18)
FN:169,(anonymous_19)
FN:177,(anonymous_20)
FN:181,(anonymous_21)
FN:182,(anonymous_22)
FN:189,(anonymous_23)
FN:196,(anonymous_24)
FNF:23
FNH:0
FNDA:0,(anonymous_2)
FNDA:0,(anonymous_3)
FNDA:0,(anonymous_4)
FNDA:0,(anonymous_5)
FNDA:0,(anonymous_6)
FNDA:0,(anonymous_7)
FNDA:0,(anonymous_8)
FNDA:0,(anonymous_9)
FNDA:0,(anonymous_10)
FNDA:0,(anonymous_11)
FNDA:0,(anonymous_12)
FNDA:0,(anonymous_13)
FNDA:0,(anonymous_14)
FNDA:0,(anonymous_15)
FNDA:0,(anonymous_16)
FNDA:0,(anonymous_17)
FNDA:0,(anonymous_18)
FNDA:0,(anonymous_19)
FNDA:0,(anonymous_20)
FNDA:0,(anonymous_21)
FNDA:0,(anonymous_22)
FNDA:0,(anonymous_23)
FNDA:0,(anonymous_24)
DA:1,0
DA:2,0
DA:71,0
DA:72,0
DA:75,0
DA:77,0
DA:86,0
DA:87,0
DA:89,0
DA:91,0
DA:92,0
DA:94,0
DA:95,0
DA:96,0
DA:97,0
DA:101,0
DA:102,0
DA:103,0
DA:104,0
DA:105,0
DA:109,0
DA:121,0
DA:122,0
DA:123,0
DA:124,0
DA:125,0
DA:134,0
DA:135,0
DA:138,0
DA:140,0
DA:143,0
DA:157,0
DA:158,0
DA:160,0
DA:175,0
DA:176,0
DA:177,0
DA:179,0
DA:181,0
DA:182,0
DA:190,0
DA:191,0
DA:192,0
DA:193,0
DA:197,0
DA:199,0
DA:200,0
DA:201,0
DA:202,0
DA:204,0
DA:207,0
DA:208,0
DA:210,0
DA:211,0
DA:213,0
DA:214,0
DA:217,0
LF:57
LH:0
BRDA:87,0,0,0
BRDA:87,0,1,0
BRDA:89,1,0,0
BRDA:97,2,0,0
BRDA:97,2,1,0
BRDA:97,2,2,0
BRDA:105,3,0,0
BRDA:105,3,1,0
BRDA:135,4,0,0
BRDA:135,4,1,0
BRDA:138,5,0,0
BRDA:158,6,0,0
BRDA:158,7,0,0
BRDA:158,7,1,0
BRDA:177,8,0,0
BRDA:177,8,1,0
BRDA:192,9,0,0
BRDA:192,10,0,0
BRDA:192,10,1,0
BRDA:192,10,2,0
BRDA:199,11,0,0
BRDA:199,11,1,0
BRDA:201,12,0,0
BRDA:201,12,1,0
BRDA:207,13,0,0
BRDA:210,14,0,0
BRDA:213,15,0,0
BRF:27
BRH:0
end_of_record
TN:
SF:src\common\alerts\replay-equivalence-tester.service.ts
FN:17,(anonymous_2)
FN:25,(anonymous_3)
FNF:2
FNH:0
FNDA:0,(anonymous_2)
FNDA:0,(anonymous_3)
DA:1,0
DA:2,0
DA:3,0
DA:14,0
DA:15,0
DA:18,0
DA:19,0
DA:30,0
DA:33,0
DA:34,0
DA:35,0
DA:39,0
DA:41,0
DA:42,0
DA:45,0
DA:46,0
LF:16
LH:0
BRDA:34,0,0,0
BRDA:41,1,0,0
BRF:2
BRH:0
end_of_record
TN:
SF:src\common\alerts\resource-reservation.service.ts
FN:53,(anonymous_2)
FN:76,(anonymous_3)
FN:98,(anonymous_4)
FN:193,(anonymous_5)
FN:210,(anonymous_6)
FN:239,(anonymous_7)
FN:289,(anonymous_8)
FN:300,(anonymous_9)
FN:306,(anonymous_10)
FN:328,(anonymous_11)
FN:343,(anonymous_12)
FN:350,(anonymous_13)
FN:351,(anonymous_14)
FN:358,(anonymous_15)
FN:363,(anonymous_16)
FN:369,(anonymous_17)
FN:370,(anonymous_18)
FN:371,(anonymous_19)
FN:383,(anonymous_20)
FN:399,(anonymous_21)
FN:401,(anonymous_22)
FN:415,(anonymous_23)
FN:431,(anonymous_24)
FN:432,(anonymous_25)
FN:434,(anonymous_26)
FN:461,(anonymous_27)
FN:491,(anonymous_28)
FN:502,(anonymous_29)
FN:506,(anonymous_30)
FN:520,(anonymous_31)
FN:548,(anonymous_32)
FN:551,(anonymous_33)
FN:552,(anonymous_34)
FN:553,(anonymous_35)
FN:556,(anonymous_36)
FN:562,(anonymous_37)
FN:569,(anonymous_38)
FN:577,(anonymous_39)
FN:584,(anonymous_40)
FNF:39
FNH:0
FNDA:0,(anonymous_2)
FNDA:0,(anonymous_3)
FNDA:0,(anonymous_4)
FNDA:0,(anonymous_5)
FNDA:0,(anonymous_6)
FNDA:0,(anonymous_7)
FNDA:0,(anonymous_8)
FNDA:0,(anonymous_9)
FNDA:0,(anonymous_10)
FNDA:0,(anonymous_11)
FNDA:0,(anonymous_12)
FNDA:0,(anonymous_13)
FNDA:0,(anonymous_14)
FNDA:0,(anonymous_15)
FNDA:0,(anonymous_16)
FNDA:0,(anonymous_17)
FNDA:0,(anonymous_18)
FNDA:0,(anonymous_19)
FNDA:0,(anonymous_20)
FNDA:0,(anonymous_21)
FNDA:0,(anonymous_22)
FNDA:0,(anonymous_23)
FNDA:0,(anonymous_24)
FNDA:0,(anonymous_25)
FNDA:0,(anonymous_26)
FNDA:0,(anonymous_27)
FNDA:0,(anonymous_28)
FNDA:0,(anonymous_29)
FNDA:0,(anonymous_30)
FNDA:0,(anonymous_31)
FNDA:0,(anonymous_32)
FNDA:0,(anonymous_33)
FNDA:0,(anonymous_34)
FNDA:0,(anonymous_35)
FNDA:0,(anonymous_36)
FNDA:0,(anonymous_37)
FNDA:0,(anonymous_38)
FNDA:0,(anonymous_39)
FNDA:0,(anonymous_40)
DA:1,0
DA:2,0
DA:3,0
DA:7,0
DA:8,0
DA:9,0
DA:10,0
DA:11,0
DA:12,0
DA:13,0
DA:14,0
DA:15,0
DA:16,0
DA:17,0
DA:18,0
DA:19,0
DA:20,0
DA:22,0
DA:23,0
DA:24,0
DA:25,0
DA:26,0
DA:27,0
DA:28,0
DA:29,0
DA:30,0
DA:39,0
DA:40,0
DA:41,0
DA:42,0
DA:43,0
DA:48,0
DA:49,0
DA:50,0
DA:51,0
DA:54,0
DA:55,0
DA:56,0
DA:57,0
DA:58,0
DA:59,0
DA:60,0
DA:61,0
DA:62,0
DA:63,0
DA:64,0
DA:65,0
DA:66,0
DA:67,0
DA:87,0
DA:88,0
DA:89,0
DA:92,0
DA:93,0
DA:94,0
DA:95,0
DA:98,0
DA:99,0
DA:100,0
DA:102,0
DA:104,0
DA:105,0
DA:109,0
DA:110,0
DA:113,0
DA:114,0
DA:115,0
DA:116,0
DA:117,0
DA:121,0
DA:122,0
DA:123,0
DA:124,0
DA:125,0
DA:129,0
DA:130,0
DA:133,0
DA:134,0
DA:137,0
DA:138,0
DA:139,0
DA:142,0
DA:143,0
DA:146,0
DA:149,0
DA:150,0
DA:151,0
DA:152,0
DA:153,0
DA:156,0
DA:158,0
DA:159,0
DA:160,0
DA:164,0
DA:165,0
DA:169,0
DA:170,0
DA:171,0
DA:172,0
DA:175,0
DA:176,0
DA:177,0
DA:178,0
DA:185,0
DA:190,0
DA:193,0
DA:195,0
DA:196,0
DA:197,0
DA:198,0
DA:199,0
DA:200,0
DA:203,0
DA:208,0
DA:209,0
DA:210,0
DA:211,0
DA:212,0
DA:214,0
DA:215,0
DA:245,0
DA:246,0
DA:247,0
DA:248,0
DA:252,0
DA:253,0
DA:254,0
DA:258,0
DA:259,0
DA:260,0
DA:261,0
DA:264,0
DA:265,0
DA:266,0
DA:267,0
DA:269,0
DA:285,0
DA:286,0
DA:290,0
DA:291,0
DA:292,0
DA:293,0
DA:294,0
DA:295,0
DA:296,0
DA:297,0
DA:301,0
DA:302,0
DA:312,0
DA:313,0
DA:314,0
DA:316,0
DA:318,0
DA:319,0
DA:322,0
DA:323,0
DA:325,0
DA:329,0
DA:330,0
DA:331,0
DA:332,0
DA:333,0
DA:334,0
DA:335,0
DA:336,0
DA:337,0
DA:340,0
DA:347,0
DA:348,0
DA:349,0
DA:350,0
DA:351,0
DA:352,0
DA:353,0
DA:354,0
DA:355,0
DA:356,0
DA:358,0
DA:359,0
DA:362,0
DA:363,0
DA:364,0
DA:365,0
DA:369,0
DA:370,0
DA:371,0
DA:372,0
DA:374,0
DA:383,0
DA:400,0
DA:401,0
DA:402,0
DA:403,0
DA:404,0
DA:405,0
DA:406,0
DA:408,0
DA:416,0
DA:418,0
DA:419,0
DA:427,0
DA:428,0
DA:431,0
DA:432,0
DA:441,0
DA:443,0
DA:455,0
DA:456,0
DA:457,0
DA:458,0
DA:462,0
DA:463,0
DA:464,0
DA:465,0
DA:466,0
DA:467,0
DA:468,0
DA:481,0
DA:482,0
DA:487,0
DA:492,0
DA:493,0
DA:494,0
DA:495,0
DA:496,0
DA:503,0
DA:504,0
DA:505,0
DA:506,0
DA:507,0
DA:509,0
DA:521,0
DA:522,0
DA:524,0
DA:525,0
DA:526,0
DA:527,0
DA:530,0
DA:532,0
DA:533,0
DA:534,0
DA:535,0
DA:537,0
DA:540,0
DA:541,0
DA:542,0
DA:544,0
DA:549,0
DA:550,0
DA:551,0
DA:552,0
DA:553,0
DA:556,0
DA:557,0
DA:559,0
DA:563,0
DA:564,0
DA:565,0
DA:566,0
DA:570,0
DA:571,0
DA:572,0
DA:573,0
DA:578,0
DA:579,0
DA:580,0
DA:585,0
LF:267
LH:0
BRDA:87,0,0,0
BRDA:87,0,1,0
BRDA:87,0,2,0
BRDA:93,1,0,0
BRDA:93,1,1,0
BRDA:94,2,0,0
BRDA:94,2,1,0
BRDA:100,3,0,0
BRDA:100,3,1,0
BRDA:104,4,0,0
BRDA:104,5,0,0
BRDA:104,5,1,0
BRDA:110,6,0,0
BRDA:110,6,1,0
BRDA:113,7,0,0
BRDA:113,8,0,0
BRDA:113,8,1,0
BRDA:114,9,0,0
BRDA:114,10,0,0
BRDA:114,10,1,0
BRDA:117,11,0,0
BRDA:117,11,1,0
BRDA:121,12,0,0
BRDA:121,13,0,0
BRDA:121,13,1,0
BRDA:121,13,2,0
BRDA:122,14,0,0
BRDA:125,15,0,0
BRDA:125,15,1,0
BRDA:129,16,0,0
BRDA:129,17,0,0
BRDA:129,17,1,0
BRDA:133,18,0,0
BRDA:133,18,1,0
BRDA:134,19,0,0
BRDA:134,19,1,0
BRDA:138,20,0,0
BRDA:138,20,1,0
BRDA:142,21,0,0
BRDA:150,22,0,0
BRDA:150,23,0,0
BRDA:150,23,1,0
BRDA:156,24,0,0
BRDA:156,25,0,0
BRDA:156,25,1,0
BRDA:158,26,0,0
BRDA:158,26,1,0
BRDA:159,27,0,0
BRDA:159,28,0,0
BRDA:159,28,1,0
BRDA:169,29,0,0
BRDA:169,29,1,0
BRDA:170,30,0,0
BRDA:190,31,0,0
BRDA:190,31,1,0
BRDA:208,32,0,0
BRDA:208,32,1,0
BRDA:211,33,0,0
BRDA:211,33,1,0
BRDA:211,34,0,0
BRDA:211,34,1,0
BRDA:212,35,0,0
BRDA:212,35,1,0
BRDA:246,36,0,0
BRDA:246,37,0,0
BRDA:246,37,1,0
BRDA:252,38,0,0
BRDA:258,39,0,0
BRDA:264,40,0,0
BRDA:264,40,1,0
BRDA:265,41,0,0
BRDA:291,42,0,0
BRDA:291,43,0,0
BRDA:291,43,1,0
BRDA:302,44,0,0
BRDA:302,44,1,0
BRDA:313,45,0,0
BRDA:314,46,0,0
BRDA:316,47,0,0
BRDA:316,48,0,0
BRDA:316,48,1,0
BRDA:318,49,0,0
BRDA:318,49,1,0
BRDA:319,50,0,0
BRDA:319,50,1,0
BRDA:325,51,0,0
BRDA:325,51,1,0
BRDA:332,52,0,0
BRDA:344,53,0,0
BRDA:345,54,0,0
BRDA:347,55,0,0
BRDA:347,55,1,0
BRDA:356,56,0,0
BRDA:356,56,1,0
BRDA:371,57,0,0
BRDA:371,57,1,0
BRDA:372,58,0,0
BRDA:372,58,1,0
BRDA:384,59,0,0
BRDA:384,59,1,0
BRDA:385,60,0,0
BRDA:385,60,1,0
BRDA:406,61,0,0
BRDA:406,61,1,0
BRDA:409,62,0,0
BRDA:409,62,1,0
BRDA:411,63,0,0
BRDA:411,63,1,0
BRDA:416,64,0,0
BRDA:416,65,0,0
BRDA:416,65,1,0
BRDA:432,66,0,0
BRDA:432,66,1,0
BRDA:441,67,0,0
BRDA:441,67,1,0
BRDA:462,68,0,0
BRDA:462,68,1,0
BRDA:463,69,0,0
BRDA:466,70,0,0
BRDA:466,70,1,0
BRDA:467,71,0,0
BRDA:467,71,1,0
BRDA:494,72,0,0
BRDA:496,73,0,0
BRDA:503,74,0,0
BRDA:504,75,0,0
BRDA:505,76,0,0
BRDA:505,76,1,0
BRDA:507,77,0,0
BRDA:522,78,0,0
BRDA:524,79,0,0
BRDA:524,79,1,0
BRDA:525,80,0,0
BRDA:525,80,1,0
BRDA:535,81,0,0
BRDA:535,81,1,0
BRDA:540,82,0,0
BRDA:540,82,1,0
BRDA:549,83,0,0
BRDA:549,83,1,0
BRDA:553,84,0,0
BRDA:553,84,1,0
BRDA:563,85,0,0
BRDA:570,86,0,0
BRDA:578,87,0,0
BRDA:580,88,0,0
BRDA:580,88,1,0
BRF:147
BRH:0
end_of_record
TN:
SF:src\common\alerts\resource-reservation.types.ts
FN:3,(anonymous_0)
FN:15,(anonymous_1)
FNF:2
FNH:0
FNDA:0,(anonymous_0)
FNDA:0,(anonymous_1)
DA:3,0
DA:4,0
DA:5,0
DA:6,0
DA:7,0
DA:8,0
DA:15,0
DA:16,0
DA:17,0
DA:18,0
DA:19,0
LF:11
LH:0
BRDA:3,0,0,0
BRDA:3,0,1,0
BRDA:15,1,0,0
BRDA:15,1,1,0
BRF:4
BRH:0
end_of_record
TN:
SF:src\common\alerts\rolling-window.service.ts
FN:49,(anonymous_4)
FN:55,(anonymous_5)
FN:129,(anonymous_6)
FN:133,(anonymous_7)
FN:134,(anonymous_8)
FN:138,(anonymous_9)
FN:139,(anonymous_10)
FN:150,(anonymous_11)
FN:172,(anonymous_12)
FN:179,(anonymous_13)
FNF:10
FNH:0
FNDA:0,(anonymous_4)
FNDA:0,(anonymous_5)
FNDA:0,(anonymous_6)
FNDA:0,(anonymous_7)
FNDA:0,(anonymous_8)
FNDA:0,(anonymous_9)
FNDA:0,(anonymous_10)
FNDA:0,(anonymous_11)
FNDA:0,(anonymous_12)
FNDA:0,(anonymous_13)
DA:1,0
DA:2,0
DA:3,0
DA:8,0
DA:46,0
DA:47,0
DA:50,0
DA:56,0
DA:57,0
DA:59,0
DA:61,0
DA:81,0
DA:91,0
DA:92,0
DA:93,0
DA:94,0
DA:96,0
DA:97,0
DA:98,0
DA:101,0
DA:103,0
DA:117,0
DA:118,0
DA:133,0
DA:134,0
DA:136,0
DA:137,0
DA:138,0
DA:139,0
DA:151,0
DA:152,0
DA:163,0
DA:164,0
DA:166,0
DA:173,0
DA:176,0
DA:180,0
DA:181,0
DA:182,0
DA:183,0
DA:184,0
LF:41
LH:0
BRDA:91,0,0,0
BRDA:91,0,1,0
BRDA:92,1,0,0
BRDA:92,1,1,0
BRDA:93,2,0,0
BRDA:93,2,1,0
BRDA:94,3,0,0
BRDA:94,3,1,0
BRDA:96,4,0,0
BRDA:96,4,1,0
BRDA:97,5,0,0
BRDA:97,5,1,0
BRDA:110,6,0,0
BRDA:110,6,1,0
BRDA:110,7,0,0
BRDA:110,7,1,0
BRDA:111,8,0,0
BRDA:111,8,1,0
BRDA:111,9,0,0
BRDA:111,9,1,0
BRDA:112,10,0,0
BRDA:112,10,1,0
BRDA:112,11,0,0
BRDA:112,11,1,0
BRDA:131,12,0,0
BRDA:164,13,0,0
BRDA:164,13,1,0
BRDA:180,14,0,0
BRDA:182,15,0,0
BRDA:183,16,0,0
BRF:30
BRH:0
end_of_record
TN:
SF:src\common\alerts\slo.service.ts
FN:102,(anonymous_4)
FN:110,(anonymous_5)
FN:121,(anonymous_6)
FN:125,(anonymous_7)
FN:126,(anonymous_8)
FN:127,(anonymous_9)
FN:128,(anonymous_10)
FN:129,(anonymous_11)
FN:142,(anonymous_12)
FN:148,(anonymous_13)
FN:161,(anonymous_14)
FN:191,(anonymous_15)
FN:221,(anonymous_16)
FN:243,(anonymous_17)
FN:270,(anonymous_18)
FN:299,(anonymous_19)
FN:359,(anonymous_20)
FN:360,(anonymous_21)
FN:368,(anonymous_22)
FN:376,(anonymous_23)
FN:406,(anonymous_24)
FN:419,(anonymous_25)
FNF:22
FNH:0
FNDA:0,(anonymous_4)
FNDA:0,(anonymous_5)
FNDA:0,(anonymous_6)
FNDA:0,(anonymous_7)
FNDA:0,(anonymous_8)
FNDA:0,(anonymous_9)
FNDA:0,(anonymous_10)
FNDA:0,(anonymous_11)
FNDA:0,(anonymous_12)
FNDA:0,(anonymous_13)
FNDA:0,(anonymous_14)
FNDA:0,(anonymous_15)
FNDA:0,(anonymous_16)
FNDA:0,(anonymous_17)
FNDA:0,(anonymous_18)
FNDA:0,(anonymous_19)
FNDA:0,(anonymous_20)
FNDA:0,(anonymous_21)
FNDA:0,(anonymous_22)
FNDA:0,(anonymous_23)
FNDA:0,(anonymous_24)
FNDA:0,(anonymous_25)
DA:1,0
DA:2,0
DA:3,0
DA:5,0
DA:6,0
DA:7,0
DA:8,0
DA:9,0
DA:10,0
DA:18,0
DA:22,0
DA:96,0
DA:97,0
DA:100,0
DA:103,0
DA:104,0
DA:105,0
DA:106,0
DA:107,0
DA:111,0
DA:122,0
DA:124,0
DA:125,0
DA:126,0
DA:127,0
DA:128,0
DA:129,0
DA:132,0
DA:133,0
DA:134,0
DA:135,0
DA:136,0
DA:138,0
DA:144,0
DA:148,0
DA:149,0
DA:150,0
DA:152,0
DA:155,0
DA:162,0
DA:163,0
DA:165,0
DA:167,0
DA:168,0
DA:177,0
DA:178,0
DA:180,0
DA:186,0
DA:192,0
DA:193,0
DA:195,0
DA:196,0
DA:205,0
DA:206,0
DA:207,0
DA:208,0
DA:210,0
DA:216,0
DA:222,0
DA:223,0
DA:225,0
DA:226,0
DA:229,0
DA:230,0
DA:232,0
DA:238,0
DA:244,0
DA:245,0
DA:249,0
DA:250,0
DA:256,0
DA:257,0
DA:259,0
DA:265,0
DA:271,0
DA:272,0
DA:276,0
DA:277,0
DA:282,0
DA:284,0
DA:285,0
DA:287,0
DA:293,0
DA:300,0
DA:302,0
DA:304,0
DA:305,0
DA:306,0
DA:308,0
DA:312,0
DA:314,0
DA:327,0
DA:328,0
DA:329,0
DA:333,0
DA:336,0
DA:340,0
DA:341,0
DA:359,0
DA:360,0
DA:362,0
DA:369,0
DA:370,0
DA:371,0
DA:383,0
DA:384,0
DA:390,0
DA:407,0
DA:414,0
DA:420,0
LF:110
LH:0
BRDA:149,0,0,0
BRDA:149,0,1,0
BRDA:167,1,0,0
BRDA:167,1,1,0
BRDA:177,2,0,0
BRDA:177,2,1,0
BRDA:181,3,0,0
BRDA:181,3,1,0
BRDA:205,4,0,0
BRDA:205,4,1,0
BRDA:206,5,0,0
BRDA:206,5,1,0
BRDA:207,6,0,0
BRDA:207,6,1,0
BRDA:211,7,0,0
BRDA:211,7,1,0
BRDA:229,8,0,0
BRDA:229,8,1,0
BRDA:233,9,0,0
BRDA:233,9,1,0
BRDA:256,10,0,0
BRDA:256,10,1,0
BRDA:256,11,0,0
BRDA:256,11,1,0
BRDA:260,12,0,0
BRDA:260,12,1,0
BRDA:282,13,0,0
BRDA:282,13,1,0
BRDA:284,14,0,0
BRDA:284,14,1,0
BRDA:284,15,0,0
BRDA:284,15,1,0
BRDA:288,16,0,0
BRDA:288,16,1,0
BRDA:302,17,0,0
BRDA:305,18,0,0
BRDA:318,19,0,0
BRDA:318,19,1,0
BRDA:327,20,0,0
BRDA:336,21,0,0
BRDA:336,21,1,0
BRDA:336,21,2,0
BRDA:340,22,0,0
BRDA:353,23,0,0
BRDA:353,23,1,0
BRDA:370,24,0,0
BRDA:384,25,0,0
BRDA:384,25,1,0
BRDA:385,26,0,0
BRDA:385,26,1,0
BRDA:393,27,0,0
BRDA:393,27,1,0
BRF:52
BRH:0
end_of_record
TN:
SF:src\common\alerts\slo.types.ts
FN:28,(anonymous_0)
FN:41,(anonymous_1)
FN:297,(anonymous_2)
FNF:3
FNH:0
FNDA:0,(anonymous_0)
FNDA:0,(anonymous_1)
FNDA:0,(anonymous_2)
DA:28,0
DA:30,0
DA:32,0
DA:34,0
DA:36,0
DA:41,0
DA:43,0
DA:45,0
DA:47,0
DA:297,0
DA:298,0
DA:299,0
DA:300,0
DA:301,0
DA:302,0
DA:303,0
LF:16
LH:0
BRDA:28,0,0,0
BRDA:28,0,1,0
BRDA:41,1,0,0
BRDA:41,1,1,0
BRDA:297,2,0,0
BRDA:297,2,1,0
BRF:6
BRH:0
end_of_record
TN:
SF:src\common\alerts\stability-envelope.service.ts
FN:15,(anonymous_2)
FN:21,(anonymous_3)
FN:39,(anonymous_4)
FN:43,(anonymous_5)
FN:52,(anonymous_6)
FNF:5
FNH:0
FNDA:0,(anonymous_2)
FNDA:0,(anonymous_3)
FNDA:0,(anonymous_4)
FNDA:0,(anonymous_5)
FNDA:0,(anonymous_6)
DA:1,0
DA:2,0
DA:3,0
DA:12,0
DA:13,0
DA:15,0
DA:22,0
DA:23,0
DA:24,0
DA:26,0
DA:27,0
DA:30,0
DA:34,0
DA:35,0
DA:39,0
DA:40,0
DA:41,0
DA:43,0
DA:44,0
DA:46,0
DA:53,0
DA:54,0
DA:55,0
DA:56,0
LF:24
LH:0
BRDA:24,0,0,0
BRDA:35,1,0,0
BRDA:35,1,1,0
BRDA:53,2,0,0
BRDA:53,3,0,0
BRDA:53,3,1,0
BRDA:54,4,0,0
BRDA:54,5,0,0
BRDA:54,5,1,0
BRDA:55,6,0,0
BRDA:55,7,0,0
BRDA:55,7,1,0
BRF:12
BRH:0
end_of_record
TN:
SF:src\common\alerts\stability-replay.service.ts
FN:31,(anonymous_2)
FN:37,(anonymous_3)
FN:46,(anonymous_4)
FN:73,(anonymous_5)
FN:79,(anonymous_6)
FN:80,(anonymous_7)
FN:93,(anonymous_8)
FN:111,(anonymous_9)
FN:112,(anonymous_10)
FN:113,(anonymous_11)
FNF:10
FNH:0
FNDA:0,(anonymous_2)
FNDA:0,(anonymous_3)
FNDA:0,(anonymous_4)
FNDA:0,(anonymous_5)
FNDA:0,(anonymous_6)
FNDA:0,(anonymous_7)
FNDA:0,(anonymous_8)
FNDA:0,(anonymous_9)
FNDA:0,(anonymous_10)
FNDA:0,(anonymous_11)
DA:1,0
DA:2,0
DA:28,0
DA:29,0
DA:31,0
DA:38,0
DA:39,0
DA:40,0
DA:42,0
DA:43,0
DA:46,0
DA:47,0
DA:48,0
DA:49,0
DA:52,0
DA:53,0
DA:55,0
DA:56,0
DA:58,0
DA:59,0
DA:63,0
DA:64,0
DA:67,0
DA:74,0
DA:75,0
DA:76,0
DA:79,0
DA:80,0
DA:82,0
DA:83,0
DA:93,0
DA:94,0
DA:95,0
DA:108,0
DA:112,0
DA:113,0
DA:115,0
LF:37
LH:0
BRDA:40,0,0,0
BRDA:47,1,0,0
BRDA:55,2,0,0
BRDA:55,2,1,0
BRDA:63,3,0,0
BRDA:82,4,0,0
BRDA:82,5,0,0
BRDA:82,5,1,0
BRDA:82,6,0,0
BRDA:82,6,1,0
BRDA:94,7,0,0
BRDA:119,8,0,0
BRDA:119,8,1,0
BRDA:119,9,0,0
BRDA:119,9,1,0
BRDA:121,10,0,0
BRDA:121,10,1,0
BRDA:121,11,0,0
BRDA:121,11,1,0
BRF:19
BRH:0
end_of_record
TN:
SF:src\common\alerts\workflow-dependency-analyzer.service.ts
FN:56,(anonymous_1)
FN:68,(anonymous_2)
FN:79,(anonymous_3)
FN:82,(anonymous_4)
FN:83,(anonymous_5)
FN:101,(anonymous_6)
FN:136,(anonymous_7)
FN:185,(anonymous_8)
FN:233,(anonymous_9)
FN:236,(anonymous_10)
FN:263,(anonymous_11)
FN:276,(anonymous_12)
FN:280,(anonymous_13)
FN:292,(anonymous_14)
FN:294,(anonymous_15)
FN:295,(anonymous_16)
FN:330,(anonymous_17)
FN:336,(anonymous_18)
FN:339,(anonymous_19)
FN:341,(anonymous_20)
FN:343,(anonymous_21)
FN:347,(anonymous_22)
FN:350,(anonymous_23)
FN:352,(anonymous_24)
FN:361,(anonymous_25)
FN:377,(anonymous_26)
FN:378,(anonymous_27)
FN:389,(anonymous_28)
FN:399,(anonymous_29)
FN:417,(anonymous_30)
FNF:30
FNH:0
FNDA:0,(anonymous_1)
FNDA:0,(anonymous_2)
FNDA:0,(anonymous_3)
FNDA:0,(anonymous_4)
FNDA:0,(anonymous_5)
FNDA:0,(anonymous_6)
FNDA:0,(anonymous_7)
FNDA:0,(anonymous_8)
FNDA:0,(anonymous_9)
FNDA:0,(anonymous_10)
FNDA:0,(anonymous_11)
FNDA:0,(anonymous_12)
FNDA:0,(anonymous_13)
FNDA:0,(anonymous_14)
FNDA:0,(anonymous_15)
FNDA:0,(anonymous_16)
FNDA:0,(anonymous_17)
FNDA:0,(anonymous_18)
FNDA:0,(anonymous_19)
FNDA:0,(anonymous_20)
FNDA:0,(anonymous_21)
FNDA:0,(anonymous_22)
FNDA:0,(anonymous_23)
FNDA:0,(anonymous_24)
FNDA:0,(anonymous_25)
FNDA:0,(anonymous_26)
FNDA:0,(anonymous_27)
FNDA:0,(anonymous_28)
FNDA:0,(anonymous_29)
FNDA:0,(anonymous_30)
DA:1,0
DA:2,0
DA:7,0
DA:12,0
DA:56,0
DA:57,0
DA:74,0
DA:75,0
DA:76,0
DA:77,0
DA:78,0
DA:79,0
DA:82,0
DA:83,0
DA:85,0
DA:107,0
DA:108,0
DA:109,0
DA:115,0
DA:116,0
DA:117,0
DA:122,0
DA:123,0
DA:124,0
DA:126,0
DA:129,0
DA:130,0
DA:134,0
DA:135,0
DA:136,0
DA:137,0
DA:139,0
DA:140,0
DA:146,0
DA:153,0
DA:154,0
DA:155,0
DA:160,0
DA:161,0
DA:165,0
DA:166,0
DA:167,0
DA:171,0
DA:172,0
DA:173,0
DA:174,0
DA:183,0
DA:185,0
DA:186,0
DA:187,0
DA:188,0
DA:189,0
DA:190,0
DA:191,0
DA:192,0
DA:193,0
DA:195,0
DA:196,0
DA:201,0
DA:202,0
DA:204,0
DA:205,0
DA:206,0
DA:211,0
DA:213,0
DA:214,0
DA:215,0
DA:219,0
DA:220,0
DA:221,0
DA:222,0
DA:223,0
DA:224,0
DA:232,0
DA:233,0
DA:234,0
DA:235,0
DA:236,0
DA:239,0
DA:240,0
DA:251,0
DA:265,0
DA:266,0
DA:267,0
DA:268,0
DA:269,0
DA:273,0
DA:274,0
DA:275,0
DA:276,0
DA:278,0
DA:280,0
DA:281,0
DA:282,0
DA:284,0
DA:285,0
DA:287,0
DA:289,0
DA:290,0
DA:291,0
DA:292,0
DA:293,0
DA:294,0
DA:295,0
DA:297,0
DA:308,0
DA:309,0
DA:313,0
DA:314,0
DA:317,0
DA:318,0
DA:321,0
DA:322,0
DA:325,0
DA:335,0
DA:336,0
DA:339,0
DA:341,0
DA:343,0
DA:344,0
DA:347,0
DA:348,0
[...]
BRDA:160,6,0,0
BRDA:160,6,1,0
BRDA:180,7,0,0
BRDA:190,8,0,0
BRDA:190,8,1,0
BRDA:205,9,0,0
BRDA:254,10,0,0
BRDA:275,11,0,0
BRDA:275,11,1,0
BRDA:280,12,0,0
BRDA:280,12,1,0
BRDA:285,13,0,0
BRDA:285,14,0,0
BRDA:285,14,1,0
BRDA:296,15,0,0
BRDA:296,15,1,0
BRDA:299,16,0,0
BRDA:299,16,1,0
BRDA:299,17,0,0
BRDA:299,17,1,0
BRDA:302,18,0,0
BRDA:302,18,1,0
BRDA:310,19,0,0
BRDA:310,19,1,0
BRDA:311,20,0,0
BRDA:312,21,0,0
BRDA:313,22,0,0
BRF:36
BRH:0
end_of_record
TN:
SF:src\modules\subscription-billing\stripe-webhook.service.ts
FN:26,(anonymous_2)
FN:39,(anonymous_3)
FN:47,(anonymous_4)
FN:86,(anonymous_5)
FN:146,(anonymous_6)
FN:190,(anonymous_7)
FN:232,(anonymous_8)
FN:280,(anonymous_9)
FNF:8
FNH:0
FNDA:0,(anonymous_2)
FNDA:0,(anonymous_3)
FNDA:0,(anonymous_4)
FNDA:0,(anonymous_5)
FNDA:0,(anonymous_6)
FNDA:0,(anonymous_7)
FNDA:0,(anonymous_8)
FNDA:0,(anonymous_9)
DA:1,0
DA:2,0
DA:3,0
DA:4,0
DA:5,0
DA:6,0
DA:23,0
DA:24,0
DA:26,0
DA:46,0
DA:47,0
DA:50,0
DA:51,0
DA:53,0
DA:54,0
DA:58,0
DA:59,0
DA:60,0
DA:61,0
DA:67,0
DA:68,0
DA:71,0
DA:72,0
DA:74,0
DA:78,0
DA:81,0
DA:87,0
DA:88,0
DA:89,0
DA:90,0
DA:94,0
DA:95,0
DA:96,0
DA:97,0
DA:98,0
DA:100,0
DA:103,0
DA:104,0
DA:105,0
DA:106,0
DA:107,0
DA:111,0
DA:113,0
DA:114,0
DA:117,0
DA:118,0
DA:120,0
DA:121,0
DA:123,0
DA:124,0
DA:126,0
DA:130,0
DA:150,0
DA:151,0
DA:152,0
DA:154,0
DA:155,0
DA:156,0
DA:159,0
DA:160,0
DA:163,0
DA:165,0
DA:166,0
DA:167,0
DA:168,0
DA:170,0
DA:181,0
DA:182,0
DA:194,0
DA:195,0
DA:196,0
DA:197,0
DA:199,0
DA:200,0
DA:203,0
DA:208,0
DA:209,0
DA:210,0
DA:213,0
DA:222,0
DA:223,0
DA:236,0
DA:237,0
DA:238,0
DA:239,0
DA:240,0
DA:242,0
DA:244,0
DA:249,0
DA:250,0
DA:251,0
DA:252,0
DA:253,0
DA:258,0
DA:262,0
DA:263,0
DA:271,0
DA:272,0
DA:284,0
DA:286,0
DA:287,0
DA:292,0
DA:293,0
DA:294,0
DA:297,0
DA:298,0
DA:299,0
DA:300,0
DA:302,0
LF:109
LH:0
BRDA:43,0,0,0
BRDA:53,1,0,0
BRDA:53,2,0,0
BRDA:53,2,1,0
BRDA:60,3,0,0
BRDA:74,4,0,0
BRDA:75,5,0,0
BRDA:75,5,1,0
BRDA:88,6,0,0
BRDA:105,7,0,0
BRDA:111,8,0,0
BRDA:111,8,1,0
BRDA:111,8,2,0
BRDA:111,8,3,0
BRDA:111,8,4,0
BRDA:111,8,5,0
BRDA:133,9,0,0
BRDA:133,9,1,0
BRDA:150,10,0,0
BRDA:150,10,1,0
BRDA:152,11,0,0
BRDA:152,11,1,0
BRDA:154,12,0,0
BRDA:165,13,0,0
BRDA:165,13,1,0
BRDA:173,14,0,0
BRDA:173,14,1,0
BRDA:174,15,0,0
BRDA:174,15,1,0
BRDA:195,16,0,0
BRDA:195,16,1,0
BRDA:196,17,0,0
BRDA:196,17,1,0
BRDA:197,18,0,0
BRDA:197,18,1,0
BRDA:208,19,0,0
BRDA:208,19,1,0
BRDA:209,20,0,0
BRDA:237,21,0,0
BRDA:237,21,1,0
BRDA:238,22,0,0
BRDA:238,22,1,0
BRDA:239,23,0,0
BRDA:239,23,1,0
BRDA:240,24,0,0
BRDA:240,24,1,0
BRDA:249,25,0,0
BRDA:249,25,1,0
BRDA:264,26,0,0
BRDA:264,26,1,0
BRDA:292,27,0,0
BRF:51
BRH:0
end_of_record
TN:
SF:src\modules\subscription-billing\subscription-billing.service.ts
FN:16,(anonymous_1)
FN:75,(anonymous_2)
FN:78,(anonymous_3)
FN:79,(anonymous_4)
FN:83,(anonymous_5)
FN:104,(anonymous_6)
FN:105,(anonymous_7)
FN:123,(anonymous_8)
FN:126,(anonymous_9)
FN:127,(anonymous_10)
FN:131,(anonymous_11)
FN:139,(anonymous_12)
FN:151,(anonymous_13)
FN:152,(anonymous_14)
FN:168,(anonymous_15)
FNF:15
FNH:0
FNDA:0,(anonymous_1)
FNDA:0,(anonymous_2)
FNDA:0,(anonymous_3)
FNDA:0,(anonymous_4)
FNDA:0,(anonymous_5)
FNDA:0,(anonymous_6)
FNDA:0,(anonymous_7)
FNDA:0,(anonymous_8)
FNDA:0,(anonymous_9)
FNDA:0,(anonymous_10)
FNDA:0,(anonymous_11)
FNDA:0,(anonymous_12)
FNDA:0,(anonymous_13)
FNDA:0,(anonymous_14)
FNDA:0,(anonymous_15)
DA:1,0
DA:16,0
DA:17,0
DA:48,0
DA:76,0
DA:78,0
DA:79,0
DA:84,0
DA:85,0
DA:100,0
DA:101,0
DA:105,0
DA:106,0
DA:107,0
DA:110,0
DA:111,0
DA:112,0
DA:113,0
DA:114,0
DA:115,0
DA:116,0
DA:117,0
DA:118,0
DA:120,0
DA:124,0
DA:126,0
DA:127,0
DA:132,0
DA:133,0
DA:134,0
DA:139,0
DA:147,0
DA:148,0
DA:152,0
DA:153,0
DA:154,0
DA:157,0
DA:158,0
DA:159,0
DA:160,0
DA:161,0
DA:162,0
DA:163,0
DA:165,0
DA:169,0
DA:170,0
DA:171,0
DA:174,0
LF:48
LH:0
BRDA:87,0,0,0
BRDA:87,0,1,0
BRDA:88,1,0,0
BRDA:88,1,1,0
BRDA:89,2,0,0
BRDA:89,2,1,0
BRDA:90,3,0,0
BRDA:90,3,1,0
BRDA:92,4,0,0
BRDA:92,4,1,0
BRDA:93,5,0,0
BRDA:93,5,1,0
BRDA:94,6,0,0
BRDA:94,6,1,0
BRDA:95,7,0,0
BRDA:95,7,1,0
BRDA:106,8,0,0
BRDA:110,9,0,0
BRDA:110,9,1,0
BRDA:111,10,0,0
BRDA:111,10,1,0
BRDA:112,11,0,0
BRDA:112,11,1,0
BRDA:113,12,0,0
BRDA:113,12,1,0
BRDA:114,13,0,0
BRDA:114,13,1,0
BRDA:115,14,0,0
BRDA:115,14,1,0
BRDA:116,15,0,0
BRDA:116,15,1,0
BRDA:117,16,0,0
BRDA:117,16,1,0
BRDA:133,17,0,0
BRDA:133,17,1,0
BRDA:133,17,2,0
BRDA:136,18,0,0
BRDA:136,18,1,0
BRDA:138,19,0,0
BRDA:138,19,1,0
BRDA:139,20,0,0
BRDA:139,20,1,0
BRDA:140,21,0,0
BRDA:140,21,1,0
BRDA:141,22,0,0
BRDA:141,22,1,0
BRDA:142,23,0,0
BRDA:142,23,1,0
BRDA:153,24,0,0
BRDA:157,25,0,0
BRDA:157,25,1,0
BRDA:158,26,0,0
BRDA:158,26,1,0
BRDA:159,27,0,0
BRDA:159,27,1,0
BRDA:160,28,0,0
BRDA:160,28,1,0
BRDA:161,29,0,0
BRDA:161,29,1,0
BRDA:162,30,0,0
BRDA:162,30,1,0
BRDA:170,31,0,0
BRDA:170,32,0,0
BRDA:170,32,1,0
BRF:64
BRH:0
end_of_record
TN:
SF:src\modules\super-admin\super-admin.service.ts
FN:27,(anonymous_4)
FN:33,(anonymous_5)
FN:41,(anonymous_6)
FN:47,(anonymous_7)
FN:71,(anonymous_8)
FN:80,(anonymous_9)
FN:90,(anonymous_10)
FN:100,(anonymous_11)
FN:109,(anonymous_12)
FNF:9
FNH:0
FNDA:0,(anonymous_4)
FNDA:0,(anonymous_5)
FNDA:0,(anonymous_6)
FNDA:0,(anonymous_7)
FNDA:0,(anonymous_8)
FNDA:0,(anonymous_9)
FNDA:0,(anonymous_10)
FNDA:0,(anonymous_11)
FNDA:0,(anonymous_12)
DA:1,0
DA:2,0
DA:3,0
DA:4,0
DA:5,0
DA:26,0
DA:29,0
DA:30,0
DA:34,0
DA:35,0
DA:36,0
DA:37,0
DA:38,0
DA:42,0
DA:43,0
DA:44,0
DA:48,0
DA:49,0
DA:51,0
DA:52,0
DA:53,0
DA:55,0
DA:66,0
DA:67,0
DA:68,0
DA:72,0
DA:73,0
DA:74,0
DA:75,0
DA:76,0
DA:77,0
DA:81,0
DA:82,0
DA:83,0
DA:84,0
DA:85,0
DA:86,0
DA:87,0
DA:91,0
DA:92,0
DA:93,0
DA:94,0
DA:95,0
DA:96,0
DA:97,0
DA:101,0
DA:102,0
DA:103,0
DA:104,0
DA:105,0
DA:106,0
DA:110,0
DA:116,0
DA:121,0
LF:54
LH:0
BRDA:35,0,0,0
BRDA:36,1,0,0
BRDA:37,2,0,0
BRDA:43,3,0,0
BRDA:49,4,0,0
BRDA:59,5,0,0
BRDA:59,5,1,0
BRDA:60,6,0,0
BRDA:60,6,1,0
BRDA:61,7,0,0
BRDA:61,7,1,0
BRF:11
BRH:0
end_of_record
TN:
SF:src\modules\super-admin\tenant-provisioning.service.ts
FN:13,(anonymous_2)
FN:23,(anonymous_3)
FN:53,(anonymous_4)
FN:58,(anonymous_5)
FNF:4
FNH:0
FNDA:0,(anonymous_2)
FNDA:0,(anonymous_3)
FNDA:0,(anonymous_4)
FNDA:0,(anonymous_5)
DA:1,0
DA:2,0
DA:4,0
DA:5,0
DA:6,0
DA:10,0
DA:11,0
DA:14,0
DA:15,0
DA:23,0
DA:24,0
DA:25,0
DA:27,0
DA:29,0
DA:32,0
DA:34,0
DA:35,0
DA:38,0
DA:44,0
DA:45,0
DA:48,0
DA:49,0
DA:55,0
DA:60,0
LF:24
LH:0
BRDA:48,0,0,0
BRDA:48,0,1,0
BRF:2
BRH:0
end_of_record
TN:
SF:src\modules\surveys\surveys.service.ts
FN:9,(anonymous_4)
FN:16,(anonymous_5)
FN:34,(anonymous_6)
FN:45,(anonymous_7)
FNF:4
FNH:0
FNDA:0,(anonymous_4)
FNDA:0,(anonymous_5)
FNDA:0,(anonymous_6)
FNDA:0,(anonymous_7)
DA:1,0
DA:2,0
DA:3,0
DA:4,0
DA:5,0
DA:8,0
DA:11,0
DA:13,0
DA:17,0
DA:22,0
DA:23,0
DA:24,0
DA:25,0
DA:31,0
DA:35,0
DA:37,0
DA:38,0
DA:41,0
DA:42,0
DA:43,0
DA:45,0
DA:46,0
DA:47,0
DA:48,0
DA:51,0
DA:52,0
DA:53,0
DA:54,0
DA:56,0
LF:29
LH:0
BRDA:37,0,0,0
BRDA:46,1,0,0
BRDA:46,1,1,0
BRDA:47,2,0,0
BRDA:47,2,1,0
BRF:5
BRH:0
end_of_record
TN:
SF:src\modules\task-management\task-management.service.ts
FN:34,(anonymous_2)
FN:36,(anonymous_3)
FN:40,(anonymous_4)
FN:44,(anonymous_5)
FN:51,(anonymous_6)
FN:72,(anonymous_7)
FN:127,(anonymous_8)
FNF:7
FNH:4
FNDA:1,(anonymous_2)
FNDA:34,(anonymous_3)
FNDA:0,(anonymous_4)
FNDA:0,(anonymous_5)
FNDA:0,(anonymous_6)
FNDA:15,(anonymous_7)
FNDA:2,(anonymous_8)
DA:1,1
DA:2,1
DA:3,1
DA:4,1
DA:5,1
DA:6,1
DA:31,1
DA:32,1
DA:34,1
DA:37,34
DA:41,0
DA:45,0
DA:52,0
DA:77,15
DA:80,15
DA:86,14
DA:87,14
DA:111,0
DA:115,0
DA:118,14
DA:133,2
DA:135,2
DA:136,2
DA:141,2
DA:144,2
DA:148,2
DA:149,2
DA:169,0
DA:173,0
DA:176,2
LF:30
LH:23
BRDA:77,0,0,15
BRDA:77,0,1,0
BRDA:93,1,0,14
BRDA:93,1,1,13
BRDA:96,2,0,14
BRDA:96,2,1,12
BRDA:97,3,0,14
BRDA:97,3,1,14
BRDA:98,4,0,14
BRDA:98,4,1,14
BRDA:113,5,0,0
BRDA:113,5,1,0
BRDA:141,6,0,0
BRDA:144,7,0,1
BRDA:144,7,1,1
BRDA:157,8,0,2
BRDA:157,8,1,2
BRDA:158,9,0,2
BRDA:158,9,1,2
BRDA:171,10,0,0
BRDA:171,10,1,0
BRF:21
BRH:15
end_of_record
TN:
SF:src\modules\timesheets\timesheets.service.ts
FN:9,(anonymous_4)
FN:16,(anonymous_5)
FN:23,(anonymous_6)
FN:35,(anonymous_7)
FNF:4
FNH:0
FNDA:0,(anonymous_4)
FNDA:0,(anonymous_5)
FNDA:0,(anonymous_6)
FNDA:0,(anonymous_7)
DA:1,0
DA:2,0
DA:3,0
DA:4,0
DA:5,0
DA:8,0
DA:11,0
DA:13,0
DA:17,0
DA:24,0
DA:37,0
DA:38,0
DA:39,0
DA:41,0
DA:45,0
DA:46,0
DA:47,0
DA:55,0
DA:56,0
DA:58,0
DA:59,0
DA:62,0
LF:22
LH:0
BRDA:39,0,0,0
BRDA:45,1,0,0
BRDA:46,2,0,0
BRDA:56,3,0,0
BRF:4
BRH:0
end_of_record
TN:
SF:src\modules\user\refresh-token.service.ts
FN:30,(anonymous_4)
FN:41,(anonymous_5)
FN:74,(anonymous_6)
FN:125,(anonymous_7)
FN:129,(anonymous_8)
FN:139,(anonymous_9)
FN:152,(anonymous_10)
FN:166,(anonymous_11)
FNF:8
FNH:0
FNDA:0,(anonymous_4)
FNDA:0,(anonymous_5)
FNDA:0,(anonymous_6)
FNDA:0,(anonymous_7)
FNDA:0,(anonymous_8)
FNDA:0,(anonymous_9)
FNDA:0,(anonymous_10)
FNDA:0,(anonymous_11)
DA:1,0
DA:2,0
DA:3,0
DA:4,0
DA:20,0
DA:23,0
DA:24,0
DA:27,0
DA:28,0
DA:32,0
DA:48,0
DA:49,0
DA:50,0
DA:51,0
DA:53,0
DA:64,0
DA:65,0
DA:79,0
DA:81,0
DA:85,0
DA:86,0
DA:90,0
DA:91,0
DA:94,0
DA:95,0
DA:101,0
DA:102,0
DA:103,0
DA:107,0
DA:110,0
DA:118,0
DA:120,0
DA:126,0
DA:130,0
DA:136,0
DA:140,0
DA:146,0
DA:153,0
DA:154,0
DA:159,0
DA:160,0
DA:161,0
DA:167,0
LF:43
LH:0
BRDA:50,0,0,0
BRDA:50,0,1,0
BRDA:59,1,0,0
BRDA:59,1,1,0
BRDA:60,2,0,0
BRDA:60,2,1,0
BRDA:85,3,0,0
BRDA:90,4,0,0
BRDA:101,5,0,0
BRDA:112,6,0,0
BRDA:112,6,1,0
BRDA:113,7,0,0
BRDA:113,7,1,0
BRDA:120,8,0,0
BRDA:120,8,1,0
BRDA:159,9,0,0
BRDA:159,9,1,0
BRF:17
BRH:0
end_of_record
TN:
SF:src\modules\user\user.service.ts
FN:15,(anonymous_4)
FN:22,(anonymous_5)
FN:28,(anonymous_6)
FN:36,(anonymous_7)
FN:57,(anonymous_8)
FN:76,(anonymous_9)
FN:104,(anonymous_10)
FN:111,(anonymous_11)
FNF:8
FNH:0
FNDA:0,(anonymous_4)
FNDA:0,(anonymous_5)
FNDA:0,(anonymous_6)
FNDA:0,(anonymous_7)
FNDA:0,(anonymous_8)
FNDA:0,(anonymous_9)
FNDA:0,(anonymous_10)
FNDA:0,(anonymous_11)
DA:1,0
DA:2,0
DA:3,0
DA:7,0
DA:8,0
DA:9,0
DA:12,0
DA:13,0
DA:17,0
DA:19,0
DA:23,0
DA:29,0
DA:30,0
DA:31,0
DA:33,0
DA:37,0
DA:39,0
DA:40,0
DA:50,0
DA:52,0
DA:53,0
DA:58,0
DA:60,0
DA:61,0
DA:62,0
DA:63,0
DA:64,0
DA:65,0
DA:67,0
DA:68,0
DA:70,0
DA:73,0
DA:77,0
DA:79,0
DA:80,0
DA:81,0
DA:84,0
DA:87,0
DA:88,0
DA:91,0
DA:101,0
DA:105,0
DA:106,0
DA:107,0
DA:108,0
DA:112,0
DA:113,0
DA:114,0
DA:115,0
LF:49
LH:0
BRDA:30,0,0,0
BRDA:41,1,0,0
BRDA:41,1,1,0
BRDA:61,2,0,0
BRDA:62,3,0,0
BRDA:63,4,0,0
BRDA:64,5,0,0
BRDA:65,6,0,0
BRDA:80,7,0,0
BRDA:87,8,0,0
BRF:10
BRH:0
end_of_record
TN:
SF:src\modules\white-label\white-label-branding.service.ts
FN:158,(anonymous_4)
FN:169,(anonymous_5)
FN:184,(anonymous_6)
FN:208,(anonymous_7)
FN:237,(anonymous_8)
FN:253,(anonymous_9)
FN:282,(anonymous_10)
FN:300,(anonymous_11)
FN:334,(anonymous_12)
FN:341,(anonymous_13)
FN:353,(anonymous_14)
FN:395,(anonymous_15)
FN:407,(anonymous_16)
FN:415,(anonymous_17)
FNF:14
FNH:0
FNDA:0,(anonymous_4)
FNDA:0,(anonymous_5)
FNDA:0,(anonymous_6)
FNDA:0,(anonymous_7)
FNDA:0,(anonymous_8)
FNDA:0,(anonymous_9)
FNDA:0,(anonymous_10)
FNDA:0,(anonymous_11)
FNDA:0,(anonymous_12)
FNDA:0,(anonymous_13)
FNDA:0,(anonymous_14)
FNDA:0,(anonymous_15)
FNDA:0,(anonymous_16)
FNDA:0,(anonymous_17)
DA:1,0
DA:2,0
DA:3,0
DA:4,0
DA:81,0
DA:131,0
DA:148,0
DA:149,0
DA:152,0
DA:153,0
DA:156,0
DA:160,0
DA:170,0
DA:171,0
DA:173,0
DA:174,0
DA:176,0
DA:177,0
DA:185,0
DA:187,0
DA:188,0
DA:190,0
DA:195,0
DA:197,0
DA:202,0
DA:203,0
DA:209,0
DA:210,0
DA:212,0
DA:238,0
DA:239,0
DA:258,0
DA:259,0
DA:261,0
DA:266,0
DA:268,0
DA:285,0
DA:289,0
DA:290,0
DA:291,0
DA:312,0
DA:313,0
DA:314,0
DA:317,0
DA:319,0
DA:336,0
DA:341,0
DA:364,0
DA:369,0
DA:370,0
DA:371,0
DA:385,0
DA:389,0
DA:390,0
DA:399,0
DA:400,0
DA:401,0
DA:402,0
DA:403,0
DA:404,0
DA:408,0
DA:409,0
DA:410,0
DA:416,0
DA:417,0
LF:65
LH:0
BRDA:171,0,0,0
BRDA:171,1,0,0
BRDA:171,1,1,0
BRDA:188,2,0,0
BRDA:188,3,0,0
BRDA:188,3,1,0
BRDA:195,4,0,0
BRDA:210,5,0,0
BRDA:210,5,1,0
BRDA:214,6,0,0
BRDA:214,6,1,0
BRDA:215,7,0,0
BRDA:215,7,1,0
BRDA:216,8,0,0
BRDA:216,8,1,0
BRDA:217,9,0,0
BRDA:217,9,1,0
BRDA:218,10,0,0
BRDA:218,10,1,0
BRDA:219,11,0,0
BRDA:219,11,1,0
BRDA:220,12,0,0
BRDA:220,12,1,0
BRDA:221,13,0,0
BRDA:221,13,1,0
BRDA:222,14,0,0
BRDA:222,14,1,0
BRDA:223,15,0,0
BRDA:223,15,1,0
BRDA:224,16,0,0
BRDA:224,16,1,0
BRDA:227,17,0,0
BRDA:227,17,1,0
BRDA:227,17,2,0
BRDA:228,18,0,0
BRDA:228,18,1,0
BRDA:229,19,0,0
BRDA:229,19,1,0
BRDA:230,20,0,0
BRDA:230,20,1,0
BRDA:231,21,0,0
BRDA:231,21,1,0
BRDA:231,21,2,0
BRDA:244,22,0,0
BRDA:244,22,1,0
BRDA:245,23,0,0
BRDA:245,23,1,0
BRDA:313,24,0,0
BRDA:314,25,0,0
BRDA:314,25,1,0
BRDA:346,26,0,0
BRDA:346,26,1,0
BRDA:347,27,0,0
BRDA:347,27,1,0
BRDA:348,28,0,0
BRDA:348,28,1,0
BRDA:365,29,0,0
BRDA:365,29,1,0
BRDA:365,30,0,0
BRDA:365,30,1,0
BRDA:366,31,0,0
BRDA:366,31,1,0
BRDA:370,32,0,0
BRDA:374,33,0,0
BRDA:374,33,1,0
BRDA:375,34,0,0
BRDA:375,34,1,0
BRDA:376,35,0,0
BRDA:376,35,1,0
BRDA:379,36,0,0
BRDA:379,36,1,0
BRDA:386,37,0,0
BRDA:386,37,1,0
BRDA:401,38,0,0
BRDA:402,39,0,0
BRDA:403,40,0,0
BRDA:410,41,0,0
BRDA:410,41,1,0
BRF:78
BRH:0
end_of_record
TN:
SF:src\modules\white-label\white-label.service.ts
FN:29,(anonymous_4)
FN:34,(anonymous_5)
FN:38,(anonymous_6)
FN:48,(anonymous_7)
FN:55,(anonymous_8)
FNF:5
FNH:0
FNDA:0,(anonymous_4)
FNDA:0,(anonymous_5)
FNDA:0,(anonymous_6)
FNDA:0,(anonymous_7)
FNDA:0,(anonymous_8)
DA:1,0
DA:2,0
DA:3,0
DA:4,0
DA:28,0
DA:31,0
DA:35,0
DA:39,0
DA:40,0
DA:41,0
DA:42,0
DA:44,0
DA:45,0
DA:49,0
DA:50,0
DA:51,0
DA:52,0
DA:56,0
LF:18
LH:0
BRDA:40,0,0,0
BRDA:50,1,0,0
BRDA:50,1,1,0
BRF:3
BRH:0
end_of_record
TN:
SF:src\modules\work-tracking\work-tracking.service.ts
FN:30,(anonymous_1)
FN:34,(anonymous_2)
FN:40,(anonymous_3)
FN:47,(anonymous_4)
FN:53,(anonymous_5)
FN:68,(anonymous_6)
FN:76,(anonymous_7)
FN:85,(anonymous_8)
FN:113,(anonymous_9)
FN:115,(anonymous_10)
FN:116,(anonymous_11)
FNF:11
FNH:0
FNDA:0,(anonymous_1)
FNDA:0,(anonymous_2)
FNDA:0,(anonymous_3)
FNDA:0,(anonymous_4)
FNDA:0,(anonymous_5)
FNDA:0,(anonymous_6)
FNDA:0,(anonymous_7)
FNDA:0,(anonymous_8)
FNDA:0,(anonymous_9)
FNDA:0,(anonymous_10)
FNDA:0,(anonymous_11)
DA:1,0
DA:2,0
DA:3,0
DA:4,0
DA:29,0
DA:31,0
DA:35,0
DA:41,0
DA:48,0
DA:49,0
DA:50,0
DA:54,0
DA:55,0
DA:65,0
DA:69,0
DA:70,0
DA:71,0
DA:77,0
DA:78,0
DA:79,0
DA:86,0
DA:87,0
DA:91,0
DA:92,0
DA:93,0
DA:96,0
DA:108,0
DA:114,0
DA:115,0
DA:116,0
DA:117,0
DA:119,0
LF:32
LH:0
BRDA:40,0,0,0
BRDA:49,1,0,0
BRDA:58,2,0,0
BRDA:58,2,1,0
BRDA:59,3,0,0
BRDA:59,3,1,0
BRDA:60,4,0,0
BRDA:60,4,1,0
BRDA:61,5,0,0
BRDA:61,5,1,0
BRDA:62,6,0,0
BRDA:62,6,1,0
BRDA:63,7,0,0
BRDA:63,7,1,0
BRDA:78,8,0,0
BRDA:91,9,0,0
BRDA:99,10,0,0
BRDA:99,10,1,0
BRDA:101,11,0,0
BRDA:101,11,1,0
BRDA:102,12,0,0
BRDA:102,12,1,0
BRDA:103,13,0,0
BRDA:103,13,1,0
BRDA:104,14,0,0
BRDA:104,14,1,0
BRDA:105,15,0,0
BRDA:105,15,1,0
BRDA:106,16,0,0
BRDA:106,16,1,0
BRDA:117,17,0,0
BRDA:117,17,1,0
BRF:32
BRH:0
end_of_record
TN:
SF:src\modules\workflow-automation\workflow-automation.service.ts
FN:63,(anonymous_2)
FN:65,(anonymous_3)
FN:67,(anonymous_4)
FN:68,(anonymous_5)
FN:71,(anonymous_6)
FN:72,(anonymous_7)
FN:76,(anonymous_8)
FN:100,(anonymous_9)
FN:101,(anonymous_10)
FN:121,(anonymous_11)
FN:122,(anonymous_12)
FN:275,(anonymous_13)
FN:277,(anonymous_14)
FN:278,(anonymous_15)
FN:280,(anonymous_16)
FN:309,(anonymous_17)
FN:365,(anonymous_18)
FN:395,(anonymous_19)
FN:439,(anonymous_20)
FN:446,(anonymous_21)
FN:447,(anonymous_22)
FN:456,(anonymous_23)
FN:460,(anonymous_24)
FN:465,(anonymous_25)
FN:469,(anonymous_26)
FN:476,(anonymous_27)
FN:480,(anonymous_28)
FN:487,(anonymous_29)
FN:491,(anonymous_30)
FNF:29
FNH:0
FNDA:0,(anonymous_2)
FNDA:0,(anonymous_3)
FNDA:0,(anonymous_4)
FNDA:0,(anonymous_5)
FNDA:0,(anonymous_6)
FNDA:0,(anonymous_7)
FNDA:0,(anonymous_8)
FNDA:0,(anonymous_9)
FNDA:0,(anonymous_10)
FNDA:0,(anonymous_11)
FNDA:0,(anonymous_12)
FNDA:0,(anonymous_13)
FNDA:0,(anonymous_14)
FNDA:0,(anonymous_15)
FNDA:0,(anonymous_16)
FNDA:0,(anonymous_17)
FNDA:0,(anonymous_18)
FNDA:0,(anonymous_19)
FNDA:0,(anonymous_20)
FNDA:0,(anonymous_21)
FNDA:0,(anonymous_22)
FNDA:0,(anonymous_23)
FNDA:0,(anonymous_24)
FNDA:0,(anonymous_25)
FNDA:0,(anonymous_26)
FNDA:0,(anonymous_27)
FNDA:0,(anonymous_28)
FNDA:0,(anonymous_29)
FNDA:0,(anonymous_30)
DA:1,0
DA:2,0
DA:3,0
DA:59,0
DA:60,0
DA:61,0
DA:63,0
DA:66,0
DA:67,0
DA:68,0
DA:72,0
DA:73,0
DA:77,0
DA:78,0
DA:95,0
DA:96,0
DA:97,0
DA:101,0
DA:102,0
DA:103,0
DA:106,0
DA:107,0
DA:116,0
DA:117,0
DA:118,0
DA:122,0
DA:123,0
DA:124,0
DA:127,0
DA:128,0
DA:129,0
DA:130,0
DA:131,0
DA:133,0
DA:141,0
DA:142,0
DA:144,0
DA:145,0
DA:146,0
DA:222,0
DA:258,0
DA:276,0
DA:277,0
DA:278,0
DA:279,0
DA:281,0
DA:286,0
DA:310,0
DA:377,0
DA:400,0
DA:401,0
DA:402,0
DA:404,0
DA:440,0
DA:441,0
DA:442,0
DA:445,0
DA:446,0
DA:447,0
DA:457,0
DA:461,0
DA:462,0
DA:465,0
DA:466,0
DA:470,0
DA:471,0
DA:472,0
DA:473,0
DA:477,0
DA:481,0
DA:488,0
DA:492,0
DA:493,0
DA:496,0
LF:74
LH:0
BRDA:73,0,0,0
BRDA:73,0,1,0
BRDA:80,1,0,0
BRDA:80,1,1,0
BRDA:81,2,0,0
BRDA:81,2,1,0
BRDA:89,3,0,0
BRDA:89,3,1,0
BRDA:102,4,0,0
BRDA:109,5,0,0
BRDA:109,5,1,0
BRDA:111,6,0,0
BRDA:111,6,1,0
BRDA:112,7,0,0
BRDA:112,7,1,0
BRDA:123,8,0,0
BRDA:129,9,0,0
BRDA:129,9,1,0
BRDA:142,10,0,0
BRDA:142,10,1,0
BRDA:144,11,0,0
BRDA:145,12,0,0
BRDA:145,12,1,0
BRDA:226,13,0,0
BRDA:226,13,1,0
BRDA:229,14,0,0
BRDA:229,14,1,0
BRDA:262,15,0,0
BRDA:262,15,1,0
BRDA:265,16,0,0
BRDA:265,16,1,0
BRDA:281,17,0,0
BRDA:281,17,1,0
BRDA:281,17,2,0
BRDA:289,18,0,0
BRDA:289,18,1,0
BRDA:290,19,0,0
BRDA:290,19,1,0
BRDA:301,20,0,0
BRDA:301,20,1,0
BRDA:302,21,0,0
BRDA:302,21,1,0
BRDA:391,22,0,0
BRDA:391,22,1,0
BRDA:441,23,0,0
BRDA:446,24,0,0
BRDA:446,24,1,0
BRDA:451,25,0,0
BRDA:451,25,1,0
BRDA:451,26,0,0
BRDA:451,26,1,0
BRDA:457,27,0,0
BRDA:457,27,1,0
BRDA:457,28,0,0
BRDA:457,28,1,0
BRDA:461,29,0,0
BRDA:465,30,0,0
BRDA:465,30,1,0
BRDA:466,31,0,0
BRDA:466,31,1,0
BRDA:492,32,0,0
BRDA:492,33,0,0
BRDA:492,33,1,0
BRDA:492,33,2,0
BRF:64
BRH:0
end_of_record
TN:
SF:src\redis\redis.service.ts
FN:10,(anonymous_1)
FN:15,(anonymous_2)
FN:17,(anonymous_3)
FN:23,(anonymous_4)
FN:24,(anonymous_5)
FN:25,(anonymous_6)
FN:35,(anonymous_7)
FN:37,(anonymous_8)
FN:43,(anonymous_9)
FN:48,(anonymous_10)
FN:57,(anonymous_11)
FN:61,(anonymous_12)
FN:66,(anonymous_13)
FN:71,(anonymous_14)
FN:76,(anonymous_15)
FN:81,(anonymous_16)
FN:86,(anonymous_17)
FN:91,(anonymous_18)
FN:96,(anonymous_19)
FN:101,(anonymous_20)
FN:105,(anonymous_21)
FN:110,(anonymous_22)
FN:112,(anonymous_23)
FNF:23
FNH:0
FNDA:0,(anonymous_1)
FNDA:0,(anonymous_2)
FNDA:0,(anonymous_3)
FNDA:0,(anonymous_4)
FNDA:0,(anonymous_5)
FNDA:0,(anonymous_6)
FNDA:0,(anonymous_7)
FNDA:0,(anonymous_8)
FNDA:0,(anonymous_9)
FNDA:0,(anonymous_10)
FNDA:0,(anonymous_11)
FNDA:0,(anonymous_12)
FNDA:0,(anonymous_13)
FNDA:0,(anonymous_14)
FNDA:0,(anonymous_15)
FNDA:0,(anonymous_16)
FNDA:0,(anonymous_17)
FNDA:0,(anonymous_18)
FNDA:0,(anonymous_19)
FNDA:0,(anonymous_20)
FNDA:0,(anonymous_21)
FNDA:0,(anonymous_22)
FNDA:0,(anonymous_23)
DA:1,0
DA:2,0
DA:10,0
DA:11,0
DA:12,0
DA:13,0
DA:15,0
DA:18,0
DA:21,0
DA:22,0
DA:23,0
DA:24,0
DA:25,0
DA:26,0
DA:27,0
DA:29,0
DA:30,0
DA:31,0
DA:36,0
DA:37,0
DA:44,0
DA:45,0
DA:49,0
DA:50,0
DA:51,0
DA:58,0
DA:62,0
DA:63,0
DA:67,0
DA:68,0
DA:72,0
DA:73,0
DA:77,0
DA:78,0
DA:82,0
DA:83,0
DA:87,0
DA:88,0
DA:92,0
DA:93,0
DA:97,0
DA:98,0
DA:102,0
DA:106,0
DA:107,0
DA:111,0
DA:112,0
LF:47
LH:0
BRDA:18,0,0,0
BRDA:18,0,1,0
BRDA:19,1,0,0
BRDA:19,1,1,0
BRDA:19,2,0,0
BRDA:19,2,1,0
BRDA:36,3,0,0
BRDA:44,4,0,0
BRDA:49,5,0,0
BRDA:51,6,0,0
BRDA:51,6,1,0
BRDA:62,7,0,0
BRDA:67,8,0,0
BRDA:72,9,0,0
BRDA:77,10,0,0
BRDA:82,11,0,0
BRDA:83,12,0,0
BRDA:83,12,1,0
BRDA:87,13,0,0
BRDA:88,14,0,0
BRDA:88,14,1,0
BRDA:92,15,0,0
BRDA:97,16,0,0
BRDA:106,17,0,0
BRF:24
BRH:0
end_of_record
TN:
SF:src\test\integration-test.helper.ts
FN:60,createTestingModule
FN:95,closeTestingModule
FN:103,seedEmployee
FNF:3
FNH:0
FNDA:0,createTestingModule
FNDA:0,closeTestingModule
FNDA:0,seedEmployee
DA:1,0
DA:2,0
DA:3,0
DA:6,0
DA:7,0
DA:8,0
DA:9,0
DA:10,0
DA:11,0
DA:12,0
DA:13,0
DA:14,0
DA:21,0
DA:41,0
DA:60,0
DA:64,0
DA:71,0
DA:72,0
DA:75,0
DA:77,0
DA:78,0
DA:87,0
DA:88,0
DA:95,0
DA:96,0
DA:103,0
DA:107,0
DA:108,0
DA:120,0
LF:29
LH:0
BRDA:62,0,0,0
BRDA:105,1,0,0
BRF:2
BRH:0
end_of_record
